1.2198009794971219	0.71075923511977346	0.14615423839511865	0.020426771390482882	13.65	12.612204826899955	10.867498460032015
1.5546707952260523	0.37435264857786205	0.11002945396736161	0.016548325342764035	13.65	12.441738128444635	10.686165622986984
1.2063177788024408	0.44780642960734185	0.15851640228131494	0.017666116156733726	0.010310083122560392	13.65	12.387707524450899	10.725202605676241	5.8935550672462531
1.6849834913065003	0.57476120753211235	0.1649986064261052	0.022569837883644098	0.011691646385303718	13.65	12.649972689560842	10.789222531777302	6.1044869734969387
1.2946051237078851	0.58132462655343231	0.10307011648317919	0.016403473872356446	13.65	12.628918059824757	10.808444553719619
1.7752162046994393	0.50146723930995407	0.15356839368582156	0.032550576509109093	0.0053852288568582212	13.65	12.403248941908862	10.787374167855623	6.2030617507080761
1.5013234365830399	0.55246164665272901	0.08058928923881499	0.015309305138253159	13.65	12.613901079474161	10.649545139153437
1.2539811816451962	0.4555956781966613	0.19301178930688481	0.039088224871176747	0.010105514005052952	13.65	12.397945211619318	11.403709325351882	6.2189490880645568
1.1658424587247467	0.3807717411680418	0.059659261196369537	0.007239778761491668	13.65	12.429948180392655	6.1678904399556593
1.2583462892624906	0.4560468098190264	0.34995517194827508	0.07882620379083749	0.020626876352081581	13.65	12.441939498779556	12.319424252507954	10.791194355428296
1.2891055893728318	0.4821129911293599	0.14421362250632772	0.017632207561117427	13.65	12.411073827206694	10.746708936765197
1.4052873387986582	0.48032002091680032	0.12200853396123768	0.018132715741965455	13.65	12.323806990376378	10.684085447472304
1.6930140548171577	0.56734528768675085	0.11958791630875772	0.045415476920707555	0.010670412617166914	13.65	12.606276294767422	10.554567093021806	8.0456287230110028
1.3866304011019015	0.59743958817535137	0.090813064221251433	0.013278620375434263	13.65	12.4182781880486	10.790062364694039
1.6131054025142149	0.35885684324514627	0.11393128668660137	0.027719026493239419	0.0061183836592805475	13.65	12.40919727125751	10.55071454323897	5.4663893244560366
1.7002626962265979	0.54725774217258694	0.16319857136638855	0.024433615455127053	0.0097413106370972356	13.65	12.44700518191636	10.787215138420033	6.5920571791178375
1.1578508213969956	0.43898311691889208	0.1307152752387914	0.041080880393614988	0.013517592028667241	13.65	12.622352689337161	10.744735641889269	6.9730046175700595
1.4763589365015968	0.48433193659613211	0.10059211439909026	0.013602234380145635	13.65	12.321110504382176	10.228986154794708
1.6158332160652462	0.61079392090543028	0.12490238896283813	0.019366661674762298	13.65	12.648666728229605	10.678819440242306
1.3041883710981188	0.4267796577449961	0.094917888260977704	0.012436326877321158	13.65	12.362037275009152	10.060882360000207
1.5332319282965434	0.44715215534157871	0.14838514631724922	0.035902320660985164	0.003712764816983649	13.65	12.62984929353409	11.626715615103672	6.1978017557749752
1.2767500661176023	0.41808275794541089	0.1530481923798381	0.035165405354108926	0.0043997828443178679	13.65	12.433991801538737	9.7166138316161614	5.6008280489451421
1.5547400615094358	0.36030093356074072	0.092224910146360722	0.023733413972714102	13.65	12.500734546894495	10.585331407474483
1.5225967987146776	0.47682412369162624	0.14712134714973898	0.02179436524179915	13.65	12.388033314369668	10.597445846642787
1.1487575197929401	0.63835182404961643	0.29290256573647189	0.082103795783306135	0.019217157046198263	13.65	12.603442413011729	11.666324788097981	9.9260316663235315
1.0837503500531038	0.66226812214164976	0.11690225827171324	0.016894090796565096	13.65	12.637105477704702	10.768667319194842
1.2412609231140237	0.4812958370160963	0.18320213686400399	0.058959587504601077	0.013389283009419981	13.65	12.435259346561198	11.585937792761055	5.675012444958778
1.3952834173591637	0.31448669823965869	0.19105353558000274	0.019645377990448423	13.65	12.638309721434549	10.814671587179211
1.3662406348755167	0.43539436433042944	0.1296692654292112	0.017835151411099082	13.65	12.524689652296908	10.685332760593335
1.1254570755467417	0.58559744006159442	0.16659716693257726	0.01729291968178108	13.65	12.645039062212552	10.660244455798411
1.4805897714486158	0.45336392509936824	0.12406088735715103	0.016328029379107597	13.65	12.082034656595075	10.095603165848708
1.2666394034426125	0.59378148174504408	0.15367721581638952	0.016008315986643096	13.65	12.640176238513417	10.629126581867096
1.7445605054254965	0.27462282403130223	0.052487865325031233	0.0085082198045603585	13.65	11.673598975802554	6.034052598527766
1.213825831228271	0.43467075169197888	0.10667775496500505	0.012893428573437392	13.65	12.349103130850432	10.259216523833324
1.2473432067888646	0.33667898497629828	0.12400027768960324	0.016081706679327828	13.65	12.104853308386463	10.793231733759898
1.4426718035726738	0.3096578653838995	0.10000374090163597	0.012659490420728566	13.65	12.406286153503792	10.794829449210631
1.3497940554116903	0.55524225034970753	0.14312705001879417	0.022193056556477114	0.0045648896773017875	13.65	12.288707620425264	10.673466884070063	3.5713013270940728
1.1368886306428203	0.41848712362031049	0.090431978332591811	0.81612489131143762	0.017091705121309152	13.65	12.338800474111622	10.310179965859026	10.283863977088613
1.3821903091297361	0.50881616662109419	0.090709479744535165	0.34790963518576029	0.01778568328958615	13.65	12.358257730383132	10.318175373819845	10.289071804266497
1.2314942999079057	0.4932137147448335	0.11041961280308894	0.50269032427718618	0.013702850951336899	13.65	12.343303956030191	10.935565275481832	10.81544946170221
1.5076594545918909	0.63326014079849802	0.12334926700376395	0.026206603480389709	13.65	12.61865826320367	10.795100435396328
1.4338724318707678	0.47362891685370073	0.062718117961101646	0.025743521072146315	0.0087084997807314758	13.65	12.350667754260261	11.12727811630706	5.500702008960471
1.2995458647281901	0.50170217229030944	0.088807064809528019	0.047053966112456616	0.010226466443757073	13.65	12.34188361290636	11.638361681056304	6.0919476088753788
1.8344996478948536	0.44790164997675741	0.11012465312597847	0.023630802232730442	0.010372905264535034	13.65	12.332540999502061	9.8980011739100089	6.5917633922367278
1.1864394309302069	0.42595297422258593	0.10035225453630613	0.01924661915857423	13.65	12.350220882360041	10.277096519891039
1.4240310458241818	0.52382307423136387	0.11142038967257652	0.031097627666584707	13.65	12.616224506379584	10.743386496947975
1.1918709856997041	0.41352297770292962	0.12647834597081553	0.034849622408243588	0.0097373223335846387	13.65	12.547154412588609	10.663288407055232	4.5657223429195222
1.6335553685261426	0.34591411155992496	0.15090398782747325	0.015002826697940832	13.65	12.266515718712046	10.764635344982549
1.540882791086124	0.57207671860058329	0.069231015833172829	0.014007256722106671	13.65	12.359080037458771	10.242792847826635
1.3471043935117872	0.48844997119519323	0.12781501888790084	0.020895250106948961	13.65	12.625956196263775	10.284051210735383
1.3320411903239895	0.47149978829412614	0.14200692728049655	0.016142217053980501	13.65	12.598614116136975	10.738657839551337
1.391329615980528	0.37743910028881289	0.19042102072121345	0.018360206468126274	13.65	12.536819173641733	11.374319606569815
1.4042569666235283	0.40550426103237797	0.023932533458719697	13.65	11.629690932657539
1.2627416358732817	0.45781479534010533	0.077260374025734643	0.017727978185506796	13.65	12.422167515891754	10.602865985766703
1.3514708231404757	0.47149798672646076	0.10935473567283471	0.013684437876127869	13.65	12.532180993719615	10.370288943925672
1.0432137611927124	0.51826038448142142	0.11518365525396779	0.012850162575560393	13.65	12.5340823934302	10.66641520858572
1.4002777532136055	0.54346737396732192	0.22161067317073757	0.027998612360520193	0.014899391140685263	13.65	12.628249117495914	11.619123508533745	5.296824927120773
1.3336160916747266	0.41853909434395281	0.14433241185225179	0.027435728057954401	13.65	12.34633616410129	10.594504862238864
1.4024444300692291	0.49932745950803314	0.13820604164426672	0.01980635039440886	13.65	12.326766864988937	10.095285809097424
0.98331730027361886	0.52896125420476858	0.64199401171115689	0.14180075498707634	0.015045951354739835	13.65	12.451305492114644	12.41957387700263	10.755423290527057
1.5356589861334038	0.43787093820713163	0.10420984150086494	0.016764989809223686	13.65	12.233999479082799	10.036533551912161
1.2663964520566982	0.4782794251871571	0.12648590456755285	0.019068644519810846	13.65	12.301944399071914	10.847249806199711
1.3889178214677849	0.38682680346150161	0.17105547890642958	0.016931663527197768	13.65	12.31431047081265	10.71619877154234
1.551378713245412	0.60787441893823269	0.087830845152781473	0.016902197771409451	13.65	12.44505038098611	9.4757428121609433
1.5024422578477385	0.49829861872388687	0.14194365863042663	0.025552656370010824	13.65	12.313417473655699	10.795116318341091
1.2893287714629238	0.45050391608450463	0.12399657241363085	0.016472991523114013	13.65	12.636550854360621	10.266282292057275
1.5411127241364198	0.33281534915873101	0.14077056506868552	0.012754981976225006	13.65	12.424352789094886	10.791544309206509
1.7795908879435407	0.39281820738844841	0.25763870019389368	0.04137074130670846	0.013012790942458087	13.65	11.95024439579559	11.665063376740552	7.4951931973398294
1.0335097547552341	0.50729000533972701	0.17736286397207707	0.024413934913350071	13.65	12.397493995607013	10.827569703186038
1.4148742074964809	0.42949585581609373	0.14789970419802825	0.023570860922829288	13.65	12.6334536484931	10.681921968676143
1.4298437531129011	0.49965814598927627	0.12997629348459203	0.012411357143558649	13.65	12.341008519252988	10.615181023017289
1.2142561203403204	0.43866623334456334	0.12952456450358513	0.0096747504853755464	13.65	12.605211505398803	10.664699134672492
1.3428581525033318	0.54093757548945631	0.12908950114997814	0.017981334796162273	13.65	12.425936914875329	10.233251190747119
1.2156495828088383	0.3616182479963102	0.081014955032321312	0.01889343095699756	13.65	12.42794375084406	10.611777028148641
1.4745372076330896	0.56451071475973014	0.056281020267253831	0.015762764418044702	13.65	12.340361777783789	7.7842324082896557
1.4173757731295333	0.35658151945920435	0.045329592761556167	0.0038540212194715304	13.65	11.599995448809015	6.3353288975621389
1.3136044965585612	0.46704000424532655	0.059728571228856643	0.010507735349827125	13.65	12.358094716012426	6.1173177788016346
1.4955464995478418	0.6546012114898957	0.13226800654262139	0.022101997187296805	13.65	12.6305438174301	10.689378718960967
1.8463350664323082	0.48292565401474613	0.098818378402110774	0.01946632676578967	13.65	12.543255900475899	10.816475725944454
1.4712867337649453	0.49905341861804114	0.12979252219343004	0.017746607192876664	13.65	12.357547797247035	10.767873453032115
1.5728543788977434	0.45227148264929506	0.42701637359250677	0.10279028427896082	0.014101932034822946	13.65	12.408238735712494	12.3611550911028	10.62568660211236
1.1720606216434448	0.48767760385342462	0.18087573177485844	0.015878114723382054	13.65	12.418288139821188	10.508828733052102
1.3690414671557991	0.57325689715313444	0.10725427695871559	0.017254290242948712	13.65	12.435870008286223	10.055605241514849
1.1685375790950425	0.43329119433577667	0.13768059870251043	0.018419935801882649	13.65	12.604937245197087	10.140688035333689
1.3617987489495325	0.38845833916816574	0.082488162096819306	0.021074890882487086	13.65	12.438394636883828	10.170415963300156
1.3910609431001881	0.55959622487837701	0.17184361399053402	0.015464729810958866	13.65	12.648716804367382	10.82013070238972
1.7028327927487925	0.59681088679155458	0.17865989523033643	0.034838461773828051	0.0061464564703819138	13.65	12.632435894775345	10.575580342960164	6.21620366174899
1.4431718348922775	0.46568163405735963	0.13461958876268204	0.011961988472465837	13.65	12.399148948608161	10.603080605835968
1.6094323409863092	0.36054551232567961	0.029537299199698452	0.01655528517688178	13.65	11.630439185357154	4.9665632873452346
0.91563315800124234	0.51107695781788542	0.15435997431245049	0.026751563484734942	0.0078447092389475857	13.65	12.64764931915931	10.742450882186523	6.1557416676444445
1.3544141387676001	0.43823784476097088	0.085738503476470093	0.017273928980185267	13.65	12.348932382212665	9.8587560539694952
1.2623985538281015	0.37504232622974731	0.12504333910752236	0.016932087089509152	13.65	12.607411339283367	10.651084902602511
1.4162897026159902	0.54365672485929373	0.122690033317607	0.024585249979874237	13.65	12.572732971144648	10.809314202825483
1.3730721688560057	0.4122477574515695	0.08833110588156598	0.03130548478610231	13.65	12.232804741153377	10.170016876116488
1.1884142104954871	0.53804035349805124	0.084344133868753168	0.012275050267963196	13.65	12.447446571430431	10.022715952470568
1.4774891762543103	0.45287873362757525	0.11398290056999355	0.015630011203402832	13.65	12.326774717149259	10.640875345313777
1.4164355429696651	0.36734731290111045	0.023179081110097324	0.006527218572275147	13.65	11.630545944326068	4.8200273119493637
1.1883759934774019	0.27846840828313946	0.025066241903188929	0.0084065781505249619	13.65	11.582520065107689	6.1218052658578426
1.208731525332662	0.53920199936204272	0.096933315500580763	0.014143966787095645	13.65	12.362109345265409	10.574526074640307
1.2779111840331372	0.68196761644872339	0.14012342605479525	0.015413211130427129	13.65	12.628784268220878	10.666814756676768
1.3277474896720516	0.41885892518306311	0.11647363602823435	0.016510604347931109	13.65	12.648197867537252	10.073690259461909
1.4267790406247998	0.54799736558963741	0.11889631829115231	0.04206047331833826	0.0085390036366594074	13.65	12.530516453985873	10.212394802686418	5.2694696910936836
1.4539386661507627	0.51225534524029714	0.11543404062182612	0.022346955184800194	13.65	12.641820553283878	10.695729527103561
1.4296237508004694	0.45157075603290836	0.10107327145675776	0.018980171458999818	13.65	12.355286336283132	10.669754271758789
1.4689743949170824	0.41916925113286269	0.080991590633794547	0.016012417565251173	13.65	12.411439687755864	10.134787034125937
1.4371053956968833	0.57891722509691246	0.18691737220173982	0.01809895772931008	13.65	12.565703174017186	10.817685413621485
1.3979192499803996	0.37974244556332026	0.11621301466709029	0.015912917418690841	13.65	12.611851396130943	10.786154496017641
1.2034971357314612	0.59406798789370907	0.12301380712028893	0.017102754234455158	13.65	12.593482996070577	10.650340393807339
1.4467130805081878	0.3623020908247348	0.16177151917641244	0.014968739961189026	13.65	11.890250578455463	10.813424431049718
1.2805908589571917	0.43437362976355293	0.17242773040162679	0.037563261169583036	0.0084391658809988956	13.65	12.483234003186155	11.539644440080721	6.3069266379759021
1.3739171279193616	0.5280473086377041	0.13268362813093484	0.012300107898843508	13.65	12.415759804349161	10.735849424324291
1.6841611906304808	0.391327096859581	0.10974956836333359	0.044139243872606648	0.0054728665370053385	13.65	12.360924775663129	10.777132792428029	5.6907504764131378
1.2970290172660548	0.58967526721459118	0.12007593670238949	0.034835968017831773	0.0087906859290435482	13.65	12.612811054429017	10.549659956847421	7.556094698035273
1.5561270346020024	0.40587827892805722	0.090218349521609134	0.013003727373955954	13.65	12.357519347872254	9.9260590927566295
1.0504325401914554	0.42523678083108069	0.11239958321800332	0.019428625050451103	13.65	12.411847898898079	10.828947710507425
1.4176865666752212	0.47555527707677975	0.14159034494122222	0.017569037995749669	13.65	12.343300033450591	10.174065396718248
1.4394008854916938	0.54382260853628295	0.31418828565568008	0.08120811379835613	0.011826524657597939	13.65	12.39169643439023	12.244696726710918	10.064787013965596
1.1938367904743619	0.39197977883075735	0.14551195912587589	0.025038989457266819	13.65	12.388597668479353	10.688075047177543
1.2075883535567322	0.44517553342768684	0.1241526505080605	0.01468827108919135	13.65	12.59890538490329	10.606778450898828
1.324290451510818	0.48208090230435774	0.11270444784710247	0.015137084265302416	13.65	12.530002512267563	10.261859438299981
1.2552228289258691	0.55600674611468037	0.19807612247060508	0.015544746529553045	13.65	12.637404729503196	10.809935389570741
1.4718600087936007	0.372132726557455	0.14686449945079638	0.012233111876099136	13.65	12.114694652126579	10.110274588624822
1.2822366774842302	0.42807260565004018	0.087869414032624854	0.021577114244459822	13.65	12.356505630539241	10.276392160563246
1.1052916385283518	0.53904583536030815	0.15726211759204556	0.02239404971249476	13.65	12.531376436528799	11.194523819689481
1.2037519722960972	0.44699057195518099	0.19774009446967558	0.031454918303206299	0.0043079766463921254	13.65	12.597489441577626	11.549724218966411	5.5618845687598677
1.0738656036757059	0.44534415014184342	0.12739882019376245	0.038266107465890431	0.008766870226237948	13.65	12.273122368587373	11.597842327353966	6.9002662803330574
1.5631745432706743	0.46561200112549073	0.082891064944835141	0.018513467331241294	13.65	12.360622718400505	9.9041396445394145
1.4638466397880932	0.31914957025241897	0.079861905540903902	0.028376580247679473	0.0059033440906931548	13.65	12.390659819785361	10.224161276845908	3.829340885002102
1.6131751472689868	0.569475904558705	0.10833262758020643	0.013920288028859928	13.65	12.627064056305549	10.72406254863389
1.5217567152154385	0.60258498525647453	0.15942871695080155	0.11049175731282408	0.022269938930054186	13.65	12.605120799883474	11.20841233915322	10.453836811966756
1.365569809318897	0.51538763496507867	0.14234372188719321	0.013873915572992727	13.65	12.559350689033536	10.596092770001613
1.1923273863448844	0.4654796589884545	0.1414559682094671	0.017461962689367134	13.65	12.639090271435892	10.894399151484054
1.3243374876202338	0.66220922237425039	0.18807113938345427	0.020781547282087191	13.65	12.634038861751188	10.826018730247821
1.4870856859204857	0.52034471099660928	0.14847851464059605	0.014016422363288981	13.65	12.549304135510718	10.699521269629665
1.1134690788392727	0.46521858896125157	0.086791885939634592	0.017213567468944913	13.65	12.640400300643281	9.8003719569854084
1.3921918358605307	0.62393565611839241	0.1451085284793272	0.021938054354501069	13.65	12.42783890170195	10.627618938425343
1.2437039460296404	0.44423923834836038	0.10923285859123298	0.016089218477114607	13.65	12.433035898485508	10.538965461477048
1.1737620325389986	0.63753627970324289	0.19245075315210422	0.038324325601199541	0.0035275628157769882	13.65	12.619836494431736	10.818910109490076	6.2228154049782916
1.3168071491558961	0.34188055596534789	0.2585083203886524	0.10341326930992742	0.015321589023544056	13.65	12.541528894677786	12.218775619712197	10.185288186909164
1.7902372003144098	0.50140787653767771	0.096024620932739335	0.021836021637278491	13.65	12.646423456205143	10.683334609079298
1.5579352261441799	0.57316383428755535	0.09158943631118649	0.013735296297588514	13.65	12.640989286482403	10.258866936726953
1.4030806423586273	0.46453241283743146	0.12324599757928589	0.014210922503327283	13.65	12.436862876910016	10.746017360208375
1.2585986912951366	0.49604362667089869	0.15550132114305557	0.011552511787813467	13.65	12.37166876683011	10.744138721058679
1.1073660226393944	0.58935084255464343	0.23241261642687322	0.10342682627800755	0.016271156121995738	13.65	12.620631937614132	12.253043642476195	10.587454051190891
1.3777844545442937	0.49572263366843383	0.18328473697779807	0.015790493693294425	13.65	12.591187961343707	10.854377510645628
1.4767653520169299	0.54621470323473287	0.12577018914705465	0.013244083386734697	13.65	12.461396564910309	10.294803827329391
1.0650421171532392	0.48988203731155627	0.17192743087685755	0.016431909352783245	13.65	12.166426548693302	11.639732542578605
1.4842718597462627	0.60740352694742328	0.20388074787997945	0.020809039226585561	13.65	12.623892306961496	11.583780423786344
1.4195490809972009	0.50204078428608023	0.09343509125417572	0.014256599120497888	13.65	12.343614711499173	10.004836610506368
1.0124887920519861	0.58763134255159388	0.096222044820184136	0.021982710794320879	13.65	12.420942912366751	10.627012635150296
1.1999798076161317	0.54851038681801367	0.11890511415266077	0.015562187175550732	13.65	12.640709696016282	10.831173284040011
1.3946374349499548	0.52754032422052655	0.19825656211994111	0.016592306666020604	13.65	12.359525674977668	11.579501036741181
1.2954071196429506	0.3290475313462331	0.062901569249092723	0.012741933726677493	13.65	11.657074937356461	7.8971187191302379
1.5160366362317801	0.47124939615108713	0.13828228694895223	0.01603564590429999	13.65	12.432269783871	11.490339190665935
1.4088098315440052	0.56474517918416633	0.18173222125280605	0.017156937341584477	13.65	12.604837172537072	10.868942474816111
1.4550416886581368	0.4163138192555112	0.19811191192040653	0.073710997545198484	0.011392020157060872	13.65	12.645853085287307	11.62551814423697	9.9808484294170441
1.5104091068491263	0.59261858720456706	0.13531141963010515	0.020017008271774536	13.65	12.522655932187849	10.405761790865146
1.0541505370892641	0.39624151453543216	0.1265167117173312	0.02207108003336547	13.65	12.396531980222957	10.845206179104254
1.0946422319625897	0.52229292276414041	0.16478787888771634	0.012626130021132834	13.65	12.297408119235403	10.796397376422894
1.6313002971062034	0.45460932641311774	0.1115523551082393	0.012567545981300044	13.65	12.43172268260426	10.68594211941886
1.4938622703846016	0.47102517079782708	0.10183788163684242	0.021025051524202608	13.65	12.430571543211791	10.263216436577036
1.6859286040055235	0.38118717604810026	0.14429389654602243	0.016706725462031148	13.65	12.432209948025227	10.789580510123098
1.2743130578741908	0.43756256198260679	0.10222184269007106	0.022204661606638438	13.65	12.638034930131289	10.035851525505173
1.3437880677084368	0.41867650843327953	0.1000780987453759	0.018575342782913579	13.65	12.349418861307944	10.124253412830207
1.4210681394039466	0.44030162902316478	0.072694143011993145	0.020630955053631304	13.65	12.41046161330031	9.9944792896491528
1.2582265510408137	0.51728010491696053	0.13650035114027662	0.018765807497799478	13.65	12.471861497300958	10.843965469491296
1.417211471468933	0.40984945949950352	0.061938875294808966	0.017380953963636519	13.65	11.643748562219015	10.246346362065347
1.7103831628198534	0.4548429852366897	0.090071800433470448	0.010252623584742725	13.65	12.437355649209275	10.594526621478989
1.2074349448210446	0.38365275345175398	0.076047793588373588	0.015377207240868624	13.65	12.352233360434921	10.209785366360487
1.507743160473149	0.42425775048924597	0.1271947338401655	0.012628308070054311	13.65	12.234983417544209	10.416281731446444
1.5074823918783942	0.41595566938636541	0.12668999231907352	0.021700174620895966	13.65	12.390290850777589	10.621378461176221
1.2574844920323613	0.69104947892111424	0.18523045228859258	0.018932594113629918	13.65	12.633361023342058	10.570795500932059
1.2146055809319725	0.39344887944535034	0.16282074729038651	0.02335311015890551	13.65	12.322711654233247	10.638775237808272
1.456686552482594	0.50711260968857019	0.21212144941498703	0.085921752715668306	0.015369318334417242	13.65	12.348126620630214	11.824443919539657	9.9961714823209782
1.3557534953161254	0.41873946147459307	0.16748096536032375	0.017747272771818284	13.65	12.528597976675599	10.826560098002002
1.5650753372696138	0.38903402993766073	0.044920410756775685	0.014259124503008119	13.65	11.635804079247846	10.289344458153817
1.377905332865307	0.41126101460184855	0.30303581416081843	0.030221105638247744	0.015017700829585102	13.65	12.389593347004093	11.627414723337628	5.7189739211400337
1.8996894791951344	0.38972481678967724	0.10782811254505491	0.020819962349279995	13.65	12.352088488274669	10.528144491474455
1.2842553934948753	0.50929378685809534	0.12194564455799137	0.019343426060407756	13.65	12.604698883047654	10.63747541375572
1.2876290144342513	0.38147197443639741	0.095865158701579564	0.016125953676255082	13.65	12.423376755195187	11.322768327178586
1.3024910704269348	0.43883813495817325	0.15485639988739155	0.018796923631604779	13.65	12.620167872489159	10.714791867195409
