it	posterior	prior	BD_lik	k_birth	k_death	RJ_hp	root_age	death_age	tot_length
50000	-461.33685021118549	-27.833467960242814	-433.50338225094265	4	3	3.6028081679400143	14.977878939469701	0.0	1585.7289952007432
52500	-457.30029550409785	-27.394025321124886	-429.90627018297295	4	3	3.1777697153147213	14.977878939469701	0.0	1585.7289952007432
55000	-466.23536368595234	-28.452703556967911	-437.78266012898445	4	3	1.7917123405480233	14.977878939469701	0.0	1585.7289952007432
57500	-463.80986513136799	-28.626853281335272	-435.1830118500327	4	3	2.1379005664346553	14.977878939469701	0.0	1585.7289952007432
60000	-471.02735218146586	-28.841005003499525	-442.18634717796635	5	2	2.0749497939181962	14.977878939469701	0.0	1585.7289952007432
62500	-466.19184704894997	-25.688577840688829	-440.50326920826114	4	2	1.4374772479936155	14.977878939469701	0.0	1585.7289952007432
65000	-459.4798443058105	-27.13469245868265	-432.34515184712785	4	3	3.6403831214573366	14.977878939469701	0.0	1585.7289952007432
67500	-464.57963105358681	-24.503084802016247	-440.07654625157056	4	2	2.8416021079603073	14.977878939469701	0.0	1585.7289952007432
70000	-457.09268055952771	-27.914820432351547	-429.17786012717619	4	3	2.4819777868707495	14.977878939469701	0.0	1585.7289952007432
72500	-459.31290194560052	-27.526822617765518	-431.78607932783501	4	3	2.871430430111538	14.977878939469701	0.0	1585.7289952007432
75000	-471.97767322595502	-31.926145653572085	-440.05152757238295	6	2	3.2072307133336473	14.977878939469701	0.0	1585.7289952007432
77500	-464.1431853339289	-27.566062608595566	-436.57712272533331	4	3	2.681731889095807	14.977878939469701	0.0	1585.7289952007432
80000	-463.48894945524586	-27.067451925651028	-436.42149752959483	4	3	3.9629741920649106	14.977878939469701	0.0	1585.7289952007432
82500	-463.9947976366185	-28.024522026808867	-435.97027560980962	4	3	2.008285856132283	14.977878939469701	0.0	1585.7289952007432
85000	-463.32169052089563	-24.775402664228487	-438.54628785666716	4	2	3.746252552063229	14.977878939469701	0.0	1585.7289952007432
87500	-461.51534174685543	-27.418109259214873	-434.09723248764055	4	3	2.880501359413789	14.977878939469701	0.0	1585.7289952007432
90000	-462.90877552524853	-30.531938315919291	-432.37683720932921	4	4	3.71346731336112	14.977878939469701	0.0	1585.7289952007432
92500	-458.95107986580939	-30.412976315847381	-428.53810354996199	4	4	3.3588478721928308	14.977878939469701	0.0	1585.7289952007432
95000	-461.06223256780623	-31.006531134839243	-430.055701432967	4	4	3.1124537268881824	14.977878939469701	0.0	1585.7289952007432
97500	-464.58777272642664	-26.960814225846384	-437.62695850058026	4	3	3.098870327434436	14.977878939469701	0.0	1585.7289952007432
100000	-464.91473387936213	-31.546240734668402	-433.36849314469373	5	3	2.5069021941703205	14.977878939469701	0.0	1585.7289952007432
102500	-466.00521733875178	-24.937137696605106	-441.06807964214664	4	2	2.555110161877267	14.977878939469701	0.0	1585.7289952007432
105000	-466.59715053291887	-25.860932317179724	-440.73621821573914	4	2	1.43782788502742	14.977878939469701	0.0	1585.7289952007432
107500	-458.74517128862442	-27.41239240010092	-431.33277888852348	4	3	4.461995041752832	14.977878939469701	0.0	1585.7289952007432
110000	-461.6545894486477	-27.582840743216209	-434.0717487054315	4	3	3.33916729216953	14.977878939469701	0.0	1585.7289952007432
112500	-464.64253550622345	-30.614610306178378	-434.02792520004505	5	3	4.154884452482705	14.977878939469701	0.0	1585.7289952007432
115000	-463.13152297414143	-24.752144282223909	-438.37937869191751	4	2	3.133058488668161	14.977878939469701	0.0	1585.7289952007432
117500	-465.05145106538885	-30.945315113764785	-434.10613595162408	4	4	5.169061395700654	14.977878939469701	0.0	1585.7289952007432
120000	-460.28553475179592	-28.356490751077146	-431.92904400071876	4	3	1.8226256857932968	14.977878939469701	0.0	1585.7289952007432
122500	-465.74600327175818	-28.159082466757845	-437.58692080500032	5	2	3.3780245302840726	14.977878939469701	0.0	1585.7289952007432
125000	-459.83152746629958	-28.533321842589103	-431.29820562371049	4	3	2.2487333791665667	14.977878939469701	0.0	1585.7289952007432
127500	-460.5985701290291	-27.013386021578782	-433.58518410745029	4	3	3.8484743793198994	14.977878939469701	0.0	1585.7289952007432
130000	-459.61986937412428	-27.571550260326426	-432.04831911379785	4	3	4.308802567112336	14.977878939469701	0.0	1585.7289952007432
132500	-471.44321582196426	-33.875197905284182	-437.56801791668011	5	4	3.001171188873301	14.977878939469701	0.0	1585.7289952007432
135000	-459.85863439299851	-27.682872953686761	-432.17576143931177	4	3	2.5318969433723506	14.977878939469701	0.0	1585.7289952007432
137500	-457.72192712875153	-27.375516743488227	-430.34641038526331	4	3	2.629336784322682	14.977878939469701	0.0	1585.7289952007432
140000	-458.65475669957812	-27.592608419125732	-431.06214828045239	4	3	2.9588557777846605	14.977878939469701	0.0	1585.7289952007432
142500	-466.51824333408723	-24.600620041184371	-441.91762329290287	4	2	3.3661011131134506	14.977878939469701	0.0	1585.7289952007432
145000	-470.20105011769624	-27.351009915038254	-442.85004020265796	5	2	3.946510469588641	14.977878939469701	0.0	1585.7289952007432
147500	-461.36588205668016	-27.256226978072803	-434.10965507860737	4	3	4.266787295244404	14.977878939469701	0.0	1585.7289952007432
150000	-465.82471675849501	-25.058160848511321	-440.76655590998371	4	2	2.24572579048815	14.977878939469701	0.0	1585.7289952007432
152500	-461.61689297282493	-27.346774579849658	-434.27011839297529	4	3	2.8914360826335246	14.977878939469701	0.0	1585.7289952007432
155000	-459.02797637269072	-27.844467995537023	-431.18350837715371	4	3	2.5008314066728206	14.977878939469701	0.0	1585.7289952007432
157500	-462.41141161412258	-25.393103387575259	-437.01830822654733	4	2	1.9654533107739605	14.977878939469701	0.0	1585.7289952007432
160000	-465.75661498112919	-24.797939381344555	-440.95867559978461	4	2	2.9065628828577292	14.977878939469701	0.0	1585.7289952007432
162500	-458.41299793300874	-27.508561151345397	-430.90443678166332	4	3	3.2292652211899915	14.977878939469701	0.0	1585.7289952007432
165000	-461.88077699918415	-27.177379686456803	-434.70339731272736	4	3	3.207234847207817	14.977878939469701	0.0	1585.7289952007432
167500	-459.1018837488092	-27.425860076347462	-431.67602367246172	4	3	3.0708672113764792	14.977878939469701	0.0	1585.7289952007432
170000	-458.47282458600102	-27.538172763045303	-430.93465182295574	4	3	2.9100328529196013	14.977878939469701	0.0	1585.7289952007432
172500	-461.86546219886321	-27.867393797951934	-433.99806840091128	4	3	2.931080657814454	14.977878939469701	0.0	1585.7289952007432
175000	-462.26724223994006	-27.47065586109337	-434.79658637884671	4	3	2.8330738967856246	14.977878939469701	0.0	1585.7289952007432
177500	-467.05077175268468	-25.118400623433253	-441.93237112925141	4	2	0.35697946657225527	14.977878939469701	0.0	1585.7289952007432
180000	-465.29465284997377	-28.298790037259465	-436.99586281271428	4	3	2.0205245144407353	14.977878939469701	0.0	1585.7289952007432
182500	-467.20686483508791	-26.097159788205239	-441.10970504688265	4	2	1.20876996797461	14.977878939469701	0.0	1585.7289952007432
185000	-465.79974994003669	-30.488367036259199	-435.31138290377748	4	4	4.814909374238897	14.977878939469701	0.0	1585.7289952007432
187500	-462.86974547809012	-27.588020023178721	-435.2817254549114	4	3	2.513469859192022	14.977878939469701	0.0	1585.7289952007432
190000	-456.66867378363645	-27.250465361604483	-429.41820842203197	4	3	3.6495371204144114	14.977878939469701	0.0	1585.7289952007432
192500	-462.28013644191032	-31.33764241969476	-430.94249402221556	5	3	2.3509223592445636	14.977878939469701	0.0	1585.7289952007432
195000	-465.94400844730421	-31.060286357757747	-434.8837220895465	4	4	4.095533977549909	14.977878939469701	0.0	1585.7289952007432
197500	-458.92368034910567	-28.11539734305552	-430.80828300605015	4	3	2.0339872347673205	14.977878939469701	0.0	1585.7289952007432
200000	-460.86212198268055	-28.569147780846876	-432.29297420183366	4	3	2.0748069748696816	14.977878939469701	0.0	1585.7289952007432
202500	-468.46144211710134	-26.68775260369695	-441.77368951340441	4	3	1.8105847280799323	14.977878939469701	0.0	1585.7289952007432
205000	-463.04898750446529	-24.389899042974847	-438.65908846149046	4	2	3.067456366665085	14.977878939469701	0.0	1585.7289952007432
207500	-460.26553071095816	-30.971777265488861	-429.29375344546929	4	4	4.766157250084488	14.977878939469701	0.0	1585.7289952007432
210000	-460.06523209065267	-29.143077566818306	-430.92215452383437	4	3	1.6178447484603558	14.977878939469701	0.0	1585.7289952007432
212500	-456.96208687822326	-27.721176399936745	-429.24091047828654	4	3	2.7188200036561416	14.977878939469701	0.0	1585.7289952007432
215000	-458.75232291214689	-27.652145787999928	-431.10017712414697	4	3	3.3525307223896292	14.977878939469701	0.0	1585.7289952007432
217500	-465.14659052607755	-24.613443426522679	-440.53314709955487	4	2	2.225093068422672	14.977878939469701	0.0	1585.7289952007432
220000	-461.99492764961474	-27.661411345434402	-434.33351630418036	4	3	2.5518382682216587	14.977878939469701	0.0	1585.7289952007432
222500	-463.29838221080877	-27.182241264651537	-436.1161409461572	4	3	2.960196293698499	14.977878939469701	0.0	1585.7289952007432
225000	-463.41969189609227	-28.553221993508437	-434.86646990258384	4	3	1.9024628426516514	14.977878939469701	0.0	1585.7289952007432
227500	-462.51443427393122	-27.427010233729568	-435.08742404020165	4	3	2.848443063057095	14.977878939469701	0.0	1585.7289952007432
230000	-466.22587964098921	-27.294288037335036	-438.93159160365417	4	3	2.4628093357202916	14.977878939469701	0.0	1585.7289952007432
232500	-459.45552137288661	-31.268997786080384	-428.18652358680623	5	3	2.74780616433268	14.977878939469701	0.0	1585.7289952007432
235000	-460.74394448464471	-27.271047827133486	-433.47289665751123	4	3	2.7077507996989874	14.977878939469701	0.0	1585.7289952007432
237500	-463.51937761756915	-27.321035180201413	-436.19834243736773	4	3	4.9078410741661775	14.977878939469701	0.0	1585.7289952007432
240000	-462.62770753541787	-28.615388323288883	-434.012319212129	4	3	6.29095690822926	14.977878939469701	0.0	1585.7289952007432
242500	-459.55437986262865	-30.741465216511394	-428.81291464611724	5	3	3.243472257465415	14.977878939469701	0.0	1585.7289952007432
245000	-464.0695089099587	-27.055334368906244	-437.01417454105245	4	3	3.4162936574152263	14.977878939469701	0.0	1585.7289952007432
247500	-463.49952927214457	-28.480103495167683	-435.0194257769769	4	3	1.7251424913538962	14.977878939469701	0.0	1585.7289952007432
250000	-467.88154291149948	-27.424445898898689	-440.4570970126008	4	3	4.7379956077376235	14.977878939469701	0.0	1585.7289952007432
252500	-463.82766999924962	-28.779701894836435	-435.0479681044132	4	3	3.017139623909949	14.977878939469701	0.0	1585.7289952007432
255000	-459.05503338037812	-27.347051434704362	-431.70798194567374	4	3	3.607184433901958	14.977878939469701	0.0	1585.7289952007432
257500	-459.24445044615135	-27.180609517387829	-432.06384092876351	4	3	2.914412827268086	14.977878939469701	0.0	1585.7289952007432
260000	-461.43180101316045	-27.139493885487845	-434.29230712767259	4	3	3.8640161492698404	14.977878939469701	0.0	1585.7289952007432
262500	-466.23643690637067	-30.349643173774489	-435.88679373259617	4	4	3.7455038502918723	14.977878939469701	0.0	1585.7289952007432
265000	-462.3204336844276	-27.047148203083317	-435.27328548134426	4	3	3.491420756209034	14.977878939469701	0.0	1585.7289952007432
267500	-464.21761546390684	-27.716698317615666	-436.50091714629116	4	3	2.311131400903242	14.977878939469701	0.0	1585.7289952007432
270000	-476.68490964772138	-33.612765177890751	-443.07214446983062	5	4	5.0745097685085385	14.977878939469701	0.0	1585.7289952007432
272500	-462.67071487076663	-28.567370090213039	-434.10334478055358	4	3	2.091802600749303	14.977878939469701	0.0	1585.7289952007432
275000	-461.77725874770948	-24.49449346803199	-437.28276527967751	4	2	2.7381415179172306	14.977878939469701	0.0	1585.7289952007432
277500	-457.54743245003618	-28.413996809952728	-429.13343564008346	4	3	1.835488862152245	14.977878939469701	0.0	1585.7289952007432
280000	-460.16217847971132	-28.028020165141044	-432.13415831457024	4	3	1.935881969747415	14.977878939469701	0.0	1585.7289952007432
282500	-462.13052739848564	-27.229985927667094	-434.90054147081855	4	3	3.2136230611871004	14.977878939469701	0.0	1585.7289952007432
285000	-464.14930368781796	-25.297248469504879	-438.85205521831307	4	2	1.7007499784956768	14.977878939469701	0.0	1585.7289952007432
287500	-461.09793134079695	-27.601570324158352	-433.49636101663862	4	3	5.145242310668825	14.977878939469701	0.0	1585.7289952007432
290000	-459.57094198561367	-27.284893626120649	-432.28604835949301	4	3	2.5862217897110833	14.977878939469701	0.0	1585.7289952007432
292500	-458.13513795462211	-27.337839690292597	-430.79729826432953	4	3	3.785153351736199	14.977878939469701	0.0	1585.7289952007432
295000	-463.94105203885414	-28.073312093163004	-435.86773994569114	4	3	2.2055283712061535	14.977878939469701	0.0	1585.7289952007432
297500	-464.63738236537063	-27.336311080757881	-437.30107128461276	4	3	3.8105156900339363	14.977878939469701	0.0	1585.7289952007432
300000	-460.28535478663571	-27.618347973377325	-432.66700681325841	4	3	2.791350933169318	14.977878939469701	0.0	1585.7289952007432
302500	-460.07483403354314	-27.292818215965831	-432.7820158175773	4	3	2.9542347310208656	14.977878939469701	0.0	1585.7289952007432
305000	-466.79257446368456	-28.062925762117885	-438.7296487015667	4	3	4.722833122373883	14.977878939469701	0.0	1585.7289952007432
307500	-461.46372584184775	-24.736058128137486	-436.72766771371028	4	2	2.0929582704316885	14.977878939469701	0.0	1585.7289952007432
310000	-466.03927929746038	-24.46349385127094	-441.57578544618946	4	2	2.3795648276655728	14.977878939469701	0.0	1585.7289952007432
312500	-462.99886734117757	-28.137389717640694	-434.86147762353687	4	3	2.109250313780842	14.977878939469701	0.0	1585.7289952007432
315000	-462.45817329036481	-27.759681590619131	-434.69849169974566	4	3	2.231819349199184	14.977878939469701	0.0	1585.7289952007432
317500	-467.93932145139945	-26.989422659130781	-440.9498987922687	4	3	3.0884269413588337	14.977878939469701	0.0	1585.7289952007432
320000	-460.67775225133715	-27.438461951970098	-433.23929029936704	4	3	3.8806327100922204	14.977878939469701	0.0	1585.7289952007432
322500	-464.38016161289949	-27.799105893493035	-436.58105571940644	4	3	2.6459135638608675	14.977878939469701	0.0	1585.7289952007432
325000	-463.39380256063964	-31.533610556308169	-431.86019200433145	4	3	0.9607956423419093	14.977878939469701	0.0	1585.7289952007432
327500	-466.44860307492121	-24.905146690316577	-441.54345638460461	4	2	4.307515739149391	14.977878939469701	0.0	1585.7289952007432
330000	-464.23057104452664	-27.38115537924093	-436.84941566528573	4	3	2.6355141673852955	14.977878939469701	0.0	1585.7289952007432
332500	-466.39165965609141	-29.104486372412481	-437.28717328367895	4	3	1.4819794515937454	14.977878939469701	0.0	1585.7289952007432
335000	-463.97186075094186	-27.153045995223827	-436.81881475571805	4	3	3.1198616048526278	14.977878939469701	0.0	1585.7289952007432
337500	-469.02958833451851	-28.661452599995506	-440.36813573452298	5	2	2.377957372557543	14.977878939469701	0.0	1585.7289952007432
340000	-458.98251493226178	-24.727556533874036	-434.25495839838771	4	2	3.45621791386421	14.977878939469701	0.0	1585.7289952007432
342500	-459.60940026775984	-27.338516665741729	-432.2708836020181	4	3	3.1529461174248583	14.977878939469701	0.0	1585.7289952007432
345000	-459.64034828201682	-27.722176698562699	-431.91817158345413	4	3	4.224837712037546	14.977878939469701	0.0	1585.7289952007432
347500	-457.70578193112362	-27.601575648616226	-430.10420628250739	4	3	3.3844310054567903	14.977878939469701	0.0	1585.7289952007432
350000	-468.9095470865235	-27.955702787013031	-440.95384429951048	4	3	2.7625113695732093	14.977878939469701	0.0	1585.7289952007432
352500	-461.21928162142945	-28.258085645069499	-432.96119597635993	4	3	5.141631036119864	14.977878939469701	0.0	1585.7289952007432
355000	-462.79557741131077	-27.638050499350157	-435.15752691196064	4	3	4.702803713096937	14.977878939469701	0.0	1585.7289952007432
357500	-459.27569041252571	-28.702554091208654	-430.57313632131707	4	3	1.7138333082659687	14.977878939469701	0.0	1585.7289952007432
360000	-458.3495028009259	-28.04337716715844	-430.30612563376746	4	3	2.3793300377883915	14.977878939469701	0.0	1585.7289952007432
362500	-460.32645190016615	-27.557332177900179	-432.76911972226594	4	3	2.532425042813692	14.977878939469701	0.0	1585.7289952007432
365000	-462.62628362350421	-27.240103727179928	-435.38617989632428	4	3	3.2754128961354176	14.977878939469701	0.0	1585.7289952007432
367500	-465.2839498998905	-27.191253164781145	-438.09269673510937	4	3	3.666209300401381	14.977878939469701	0.0	1585.7289952007432
370000	-460.08494153946089	-27.61694392139735	-432.46799761806352	4	3	3.2899897765170616	14.977878939469701	0.0	1585.7289952007432
372500	-461.53143097338932	-28.036191162262647	-433.49523981112668	4	3	2.542645680623955	14.977878939469701	0.0	1585.7289952007432
375000	-463.44645708201386	-27.888673261212368	-435.55778382080149	4	3	2.3063325510864727	14.977878939469701	0.0	1585.7289952007432
377500	-466.3335008628851	-26.974380248238191	-439.35912061464694	4	3	2.753294950790626	14.977878939469701	0.0	1585.7289952007432
380000	-462.05378710364175	-30.386739247231986	-431.66704785640979	5	3	3.488465202099276	14.977878939469701	0.0	1585.7289952007432
382500	-459.63002084127504	-27.172091068168797	-432.45792977310623	4	3	2.685518745475571	14.977878939469701	0.0	1585.7289952007432
385000	-468.30460403497005	-25.29896003735017	-443.00564399761987	4	2	1.5453845063070628	14.977878939469701	0.0	1585.7289952007432
387500	-460.18866919632819	-27.483271853703734	-432.70539734262445	4	3	2.7861333630539473	14.977878939469701	0.0	1585.7289952007432
390000	-465.05240891042814	-26.841450535605411	-438.21095837482272	4	3	3.171383929277477	14.977878939469701	0.0	1585.7289952007432
392500	-457.10653946442631	-27.834748894621058	-429.27179056980526	4	3	4.949639539201463	14.977878939469701	0.0	1585.7289952007432
395000	-463.33589333467631	-28.096973679309045	-435.23891965536728	4	3	2.0759360651801213	14.977878939469701	0.0	1585.7289952007432
397500	-460.1311658711532	-27.610462309300651	-432.52070356185254	4	3	2.61468793724874	14.977878939469701	0.0	1585.7289952007432
400000	-471.139432094423	-27.557024936414251	-443.58240715800878	4	3	3.087004276598551	14.977878939469701	0.0	1585.7289952007432
402500	-459.9172027955039	-28.825448268264772	-431.09175452723912	4	3	1.744320947835277	14.977878939469701	0.0	1585.7289952007432
405000	-464.28884456006051	-24.299963159360814	-439.98888140069971	4	2	3.302844795241559	14.977878939469701	0.0	1585.7289952007432
407500	-465.5458285505386	-28.692464176674598	-436.853364373864	5	2	2.0966897992879283	14.977878939469701	0.0	1585.7289952007432
410000	-465.06296980463867	-24.450045256795292	-440.61292454784336	4	2	3.1019820494351107	14.977878939469701	0.0	1585.7289952007432
412500	-462.46398678076622	-27.322859512896265	-435.14112726786993	4	3	3.6280648602345122	14.977878939469701	0.0	1585.7289952007432
415000	-466.63077734003542	-25.620824766449495	-441.00995257358591	4	2	1.3730583035747288	14.977878939469701	0.0	1585.7289952007432
417500	-461.89418305770448	-30.633788020277002	-431.26039503742749	5	3	3.1980430459227245	14.977878939469701	0.0	1585.7289952007432
420000	-460.50422752539555	-27.617536576279527	-432.88669094911603	4	3	2.8700656742974933	14.977878939469701	0.0	1585.7289952007432
422500	-464.00950207628171	-28.065985580921506	-435.9435164953602	4	3	2.0112748151985778	14.977878939469701	0.0	1585.7289952007432
425000	-460.3012479251538	-27.912679332989185	-432.38856859216463	4	3	2.2781849466965776	14.977878939469701	0.0	1585.7289952007432
427500	-457.6935805997914	-28.085255139085682	-429.60832546070571	4	3	2.035312560801253	14.977878939469701	0.0	1585.7289952007432
430000	-464.60074809344201	-24.563987463166967	-440.03676063027501	4	2	2.488957366573692	14.977878939469701	0.0	1585.7289952007432
432500	-461.19751605085685	-27.880388910413366	-433.31712714044346	4	3	2.4714817370207793	14.977878939469701	0.0	1585.7289952007432
435000	-461.65413410367529	-30.854025798369996	-430.80010830530529	5	3	3.011672730792958	14.977878939469701	0.0	1585.7289952007432
437500	-465.03138573685987	-25.45274143838504	-439.57864429847484	4	2	4.9233960060833715	14.977878939469701	0.0	1585.7289952007432
440000	-466.07354378436446	-24.378725343329286	-441.69481844103518	4	2	2.3068598474835165	14.977878939469701	0.0	1585.7289952007432
442500	-460.0232031973141	-27.95517938484403	-432.06802381247007	4	3	2.3385304473657325	14.977878939469701	0.0	1585.7289952007432
445000	-462.36484635862308	-27.460243928554007	-434.90460243006908	4	3	3.786957937983021	14.977878939469701	0.0	1585.7289952007432
447500	-459.04232953200176	-26.977122169006321	-432.06520736299547	4	3	3.249802578975582	14.977878939469701	0.0	1585.7289952007432
450000	-463.02914349177257	-28.304592888304946	-434.72455060346761	4	3	1.7999786587440465	14.977878939469701	0.0	1585.7289952007432
452500	-458.89778973897478	-27.204716621837562	-431.6930731171372	4	3	3.78165837796998	14.977878939469701	0.0	1585.7289952007432
455000	-464.57152095559593	-32.767223546669555	-431.80429740892635	4	4	1.6101052127188755	14.977878939469701	0.0	1585.7289952007432
457500	-460.82687888259744	-30.261592233064604	-430.56528664953282	4	4	3.5405235620523845	14.977878939469701	0.0	1585.7289952007432
460000	-462.92709175454559	-27.113118842754176	-435.81397291179138	4	3	2.7780146888021937	14.977878939469701	0.0	1585.7289952007432
462500	-466.29684636713796	-27.148934895560593	-439.14791147157734	4	3	3.3324376995438474	14.977878939469701	0.0	1585.7289952007432
465000	-460.75470702278409	-30.816982272297778	-429.93772475048632	5	3	5.484515653039908	14.977878939469701	0.0	1585.7289952007432
467500	-460.58390659037991	-27.592213497614608	-432.99169309276533	4	3	3.782795158022629	14.977878939469701	0.0	1585.7289952007432
470000	-468.85774212749919	-24.48615381680861	-444.37158831069058	4	2	3.4876032952631686	14.977878939469701	0.0	1585.7289952007432
472500	-465.38596122844558	-24.903094760871703	-440.4828664675739	4	2	4.242659741468736	14.977878939469701	0.0	1585.7289952007432
475000	-465.77423065684161	-28.425282425241647	-437.34894823159999	4	3	1.922893557740394	14.977878939469701	0.0	1585.7289952007432
477500	-462.79404500119045	-28.173000844169636	-434.62104415702083	5	2	4.117758104624581	14.977878939469701	0.0	1585.7289952007432
480000	-463.83709613064718	-30.875337966868855	-432.96175816377831	5	3	4.057195976516695	14.977878939469701	0.0	1585.7289952007432
482500	-462.87536455124632	-31.323627937812404	-431.55173661343395	5	3	2.7178490678849845	14.977878939469701	0.0	1585.7289952007432
485000	-461.1336597044841	-27.272654654108607	-433.86100505037547	4	3	3.8738377231389105	14.977878939469701	0.0	1585.7289952007432
487500	-464.67325185556672	-24.528369157159901	-440.14488269840683	4	2	3.2618935563274154	14.977878939469701	0.0	1585.7289952007432
490000	-464.65067441272777	-24.669189735462865	-439.98148467726492	4	2	2.1957924245858482	14.977878939469701	0.0	1585.7289952007432
492500	-464.2099343311865	-31.272201370160793	-432.93773296102569	5	3	2.542386618139907	14.977878939469701	0.0	1585.7289952007432
495000	-463.81073820280818	-28.689462150095338	-435.12127605271286	4	3	1.8996671310500695	14.977878939469701	0.0	1585.7289952007432
497500	-461.53883288142902	-24.824367750229037	-436.71446513119997	4	2	3.3306801743643115	14.977878939469701	0.0	1585.7289952007432
500000	-463.31130450491986	-24.571392596074404	-438.73991190884544	4	2	3.229160635158659	14.977878939469701	0.0	1585.7289952007432
