0.0049460079295192893	0.078837228962371095	0.01234690220043877	13.65	11.74945210499426
0.017767788139471906	0.06495939941510466	0.014244670896133677	13.65	11.378044393457325
0.014938634909489152	0.072450352196996845	0.016020064877530361	13.65	12.585176757700117
0.033385540777520477	0.082271737074439161	0.017955704042857776	13.65	11.701377773121052
0.095624942410797983	0.032097109353213173	0.0087244194208937424	13.65	8.6521339599746963
0.023351307836903475	0.013211565159898471	13.65
0.049364623518588426	0.018835918829598283	13.65
0.016201957944791193	0.069084892333388617	0.01683131340923523	13.65	12.483213135633454
0.044377667211596	0.021598058139583338	13.65
0.0074229709039467179	0.063056687226640401	0.013237401168422112	13.65	11.803188380499021
0.071698554622001878	0.016007782854709305	13.65
0.10446759800275619	0.069619356121965334	0.012039234149071465	13.65	11.977052382426102
0.013652575961208861	0.11193659111739721	0.013197091819889125	13.65	12.649009233125966
0.0123897699864758	0.084388601119571208	0.014372003501395163	13.65	11.617072148090504
0.0086512189445343522	0.068256856371042424	0.018863185197765576	13.65	11.723307303417418
0.0082037797680286316	0.045046245907882518	0.010587162123295654	13.65	11.738959824821793
0.022276661973636668	0.050920982245282194	0.019560811883487621	13.65	11.783388367660176
0.0056140434606059076	0.016753019803024446	13.65
0.020913001958279338	0.040470743710386108	0.011478467966413306	13.65	11.635721883788767
0.0065230624614774739	0.049489282537388136	0.010527399639191611	13.65	11.361042864226397
0.001970754025933566	0.064708972339042631	0.017337392393593248	13.65	11.333493819953734
0.001393324664815402	0.044793258967860003	0.0096008274077079795	13.65	11.723175926359112
0.0032711248134412976	0.13302029980861985	0.012868119321215435	13.65	12.309653103457624
0.03692257854443981	0.057010089226638722	0.013541558660190564	13.65	11.5045197320899
0.015417384333314079	0.057025053432388527	0.013146554933989182	13.65	11.373229920417939
0.013748739877506562	0.13933027116605243	0.013769298292603933	13.65	12.601637159227119
0.026188415322013641	0.088139884809201263	0.013080192770561374	13.65	12.027786783259122
0.081606028314904239	0.075806312694711595	0.0088020754795272594	13.65	11.327046107081461
0.049185076222933354	0.090273574153659067	0.017450778269851433	13.65	12.439324123639434
0.069008935546665345	0.070375779931509522	0.019353242716938484	13.65	11.529635874183185
0.0094018003005377493	0.053272899092693789	0.01229360998108558	13.65	11.718246873107873
0.012407192378634585	0.073123540332543965	0.015366215699076546	13.65	12.463057187159954
0.025862516291633938	0.070443652365075202	0.013566789572657166	13.65	11.565556103369962
0.0017644252275830653	0.022948552251515708	13.65
0.052201253806603044	0.097121523226853246	0.017402495759424156	13.65	11.68883561901087
0.036209154539824408	0.021623682911491415	13.65
0.02423161468300708	0.061669366047149191	0.015488983953839682	13.65	10.618871866001456
0.010308189347714585	0.069321830792938882	0.017300562168490078	13.65	12.346553990669436
0.0033419777395340333	0.073197373801295054	0.012470466447458391	13.65	11.727440745668773
0.00089653431115536205	0.017941884912434355	13.65
0.0017795567125483817	0.026775402501320787	13.65
0.0059330741115994354	0.02008330178551454	13.65
0.088709718020077641	0.10540660121084346	0.018620604145400729	13.65	12.594280908559266
0.061788527744977735	0.094743282476031462	0.014077342785498378	13.65	11.648352519746494
0.024802477384722722	0.019064190767485611	13.65
0.0097520432110388064	0.061536378288949291	0.019201405979184724	13.65	11.684672773070151
0.008433438671373715	0.075975139317719681	0.019281507033264006	13.65	11.62267782387236
0.083103651206326887	0.080661820416084773	0.016445835185419047	13.65	12.514648307249994
0.033187214630967916	0.058498714206237819	0.016409095044506491	13.65	10.933986760253701
0.045082959840284591	0.018230786215343166	13.65
0.052269729751964825	0.019614784175313361	13.65
0.029943530744962119	0.05976169982719845	0.013565196915164017	13.65	11.637218825891132
0.0063119199553117308	0.045453142508123226	0.010712807871672142	13.65	11.667008253478354
0.0097612963154694553	0.045631672019785678	0.018220902547826261	13.65	9.9818751548375815
0.0023974058194800264	0.014297433602312727	13.65
0.0084299032636345472	0.052433653437702683	0.019112974157323485	13.65	12.231163487619854
0.002863106123028248	0.014745094315205057	13.65
0.0030260673374701056	0.022885970780567502	13.65
0.010353093360952602	0.02285849783567798	13.65
0.071630215166009689	0.095901965797828004	0.016257742354083095	13.65	12.349070986512329
0.02769509998719466	0.055645858038015111	0.011458110530551563	13.65	11.381707594066043
0.0062612951030957221	0.067332496341012738	0.011147500037219923	13.65	11.544038591123021
0.12235663950225036	0.072034244812132983	0.024398689372016603	13.65	11.758044246695293
0.053070693858584546	0.033350690351627091	0.012653231634835478	13.65	10.321888647331278
0.016950885257797272	0.097898677477383317	0.01365965508857857	13.65	11.722039876391156
0.018495790605718272	0.023390015971075442	13.65
0.0062387561537054692	0.074851850436790698	0.011890782399173188	13.65	11.532795046854385
0.1339213283912391	0.07680727712656904	0.01131666163699317	13.65	11.716349238122451
0.012583561969780494	0.046003689624197854	0.0078184700992735053	13.65	10.654951684500201
0.0058872441367896914	0.052537809509343121	0.017902882011190949	13.65	11.760432116959151
0.024488506007478039	0.013889837845414194	13.65
0.014292172060926752	0.023451982493511457	13.65
0.044561344614175442	0.11082905408835332	0.012351351052348422	13.65	11.673992200930398
0.038232013737791837	0.083048308800101639	0.013568917074521042	13.65	12.589356149021141
0.068269526228924737	0.062621730128475481	0.02086397702597767	13.65	11.616518454825801
0.03215455158998725	0.023828063921801965	13.65
0.038001541658061078	0.02342433196934748	13.65
0.017416960282337104	0.017822765379719604	13.65
0.033598695688184493	0.051065344127796973	0.013203019887964665	13.65	11.731492021579189
0.078732377231934714	0.12716464470922989	0.017651091876352557	13.65	11.715336177348822
0.024377581859390762	0.024232192283616404	13.65
0.10025285901303035	0.096027215303881253	0.021596461393914041	13.65	12.523799234749546
0.026181151241385391	0.086150236467101085	0.011703598189003643	13.65	11.597761869488835
0.023792162361152395	0.053512772095721195	0.01313455658735674	13.65	10.74498670833877
0.030725935673578141	0.069864955958439404	0.01485822943272834	13.65	12.146177099870366
0.030864776239384505	0.071313557711285405	0.015545538944959456	13.65	11.57839813531697
0.057502150714600714	0.085221814278354638	0.011478440373087286	13.65	11.770068270599518
0.0018179095037979042	0.061316603749892291	0.014915694902949948	13.65	11.391497902123957
0.00074774209611131435	0.037956134590297147	0.01138978373666852	13.65	10.345298975375783
0.0017843431709947397	0.061680439061945251	0.017056991021375274	13.65	11.949425773640739
0.017399267198230494	0.062545073939367216	0.0071472528139876852	13.65	11.718483623656862
0.027814554720308839	0.04490287753216482	0.016180058523169456	13.65	12.515114213767069
0.023490787647991632	0.096604352434808194	0.0085729768353727479	13.65	11.733376726986641
0.067360899392789261	0.10833873778192878	0.013086179704144132	13.65	11.98824653389692
0.061714155516750135	0.020304459513523589	13.65
0.08734641137221083	0.064538360249185689	0.017494939071267271	13.65	12.327698174385871
0.0062349385257238418	0.053579195711867762	0.014336583805038976	13.65	11.628378599440932
0.0099257770778363522	0.045577417894357236	0.011797571700193406	13.65	9.8116239456786509
0.047199283064260744	0.062574693374929227	0.014466650939685716	13.65	10.829118718847619
0.0072219808725400812	0.062124879461299611	0.011804937335356862	13.65	11.768706781360622
0.013327877257319275	0.013690068557603841	13.65
0.027632924599237583	0.013209007748826402	0.056156903697569101	13.65	0.90893927837094957
0.01676567794138633	0.043504452399217519	0.008486375831541923	13.65	10.772884917506756
0.10099265764128294	0.088196640859984812	0.023893241401422904	13.65	12.410734563738879
0.022031007878657562	0.022699654004918073	13.65
0.12201085531021767	0.071021740826190491	0.010732128350931097	13.65	11.745541160619844
0.10584613840939684	0.034627639696555475	0.017957054217672869	13.65	10.611485566526591
0.050424326984831333	0.021031143003799525	13.65
0.081110146287634244	0.021965624777463225	13.65
0.049124977779623893	0.015764468548979196	13.65
0.13473281065721598	0.065174467403525227	0.0073011700803967822	13.65	11.713915865179333
0.025621634248620559	0.015730368539896327	13.65
0.0046958583481642932	0.016559631011904854	13.65
0.0085770538479122433	0.060695944988302858	0.01172809456493768	13.65	11.742973858565778
0.013843847150796965	0.044922497478055996	0.010764285552528898	13.65	12.531293930562867
0.0031987377826574962	0.093713960702121041	0.01060137212189821	13.65	12.039556551605365
0.0068568473569917496	0.082223349768116308	0.013177763791743444	13.65	12.571559126947307
0.011102673780212388	0.05197117104383106	0.0087709307291213203	13.65	9.9734474900508694
0.019310851005916712	0.076861476810591994	0.018587712975993546	13.65	12.139514874767599
0.011316832146375825	0.044926019694069966	0.0095906655160342084	13.65	11.749936124116367
0.0054256654367679999	0.01695246822684222	13.65
0.0041541267382559531	0.023318310436446211	13.65
0.00031039222243754141	0.058354040088988306	0.014242075249578365	13.65	11.686912591203447
0.001192060950216628	0.020608065183007406	13.65
0.0097200025374887117	0.02162248991376841	13.65
0.021123283420461332	0.1462650750692141	0.015337361132268161	13.65	12.127893678846371
0.10243450711472941	0.048425822177758635	0.021251781592207964	13.65	11.477223579543436
0.017921309042247556	0.05428350911868679	0.010589321924005293	13.65	11.402197104139439
0.034429414332815655	0.089350102701540354	0.013701805581093941	13.65	12.562679236414734
0.03221848060638887	0.022813744024268685	13.65
0.013834414175724011	0.064051344729757986	0.014202379244469801	13.65	12.413404747539346
0.087152189810012409	0.077916518844631494	0.016735363034625306	13.65	12.539284870126792
0.039458615017236701	0.023651820448035672	13.65
0.024621657304948585	0.084100213531263443	0.014877984484281889	13.65	11.677349574587385
0.022055148830768635	0.065701733665073536	0.016363073696944321	13.65	11.595883963117354
0.040004583567161751	0.083506746332500131	0.018137307449461629	13.65	12.519401601380251
0.024284358967196249	0.072302561170927537	0.013819455488001727	13.65	11.263329409703482
0.013847264963396146	0.092874076288472246	0.010292972040905443	13.65	11.735963472804329
0.0018719037559550009	0.047490924325822387	0.015676383261222979	13.65	12.055925280978496
0.001944315845806358	0.027999865781990728	0.01371910431758256	13.65	11.497517882783773
0.016645948271006364	0.035858631618929895	0.013869141527236471	13.65	11.431171329330875
0.041829990346844023	0.069640522235470501	0.021461444407066974	13.65	11.801373534438847
0.017058583088332916	0.062072256645196854	0.01918079225155642	13.65	12.159561150053268
0.031956158780318045	0.060481528291795886	0.010071475163382694	13.65	11.540111140217164
0.046101505432514803	0.016234784927555014	13.65
0.005723143076469376	0.017645380443984116	13.65
0.00676369055917322	0.10598448183985032	0.019230947219135836	13.65	11.67012026214401
0.0059408353670683629	0.13151818473080351	0.016963233688247249	13.65	12.032246429082049
0.0019350729797852218	0.05817074913889414	0.011732727741026138	13.65	11.487617515084857
0.0012403372557508098	0.085156032402043044	0.018522426376389855	13.65	11.715126755196467
0.018565671309446707	0.032816109741002228	0.009745050802307453	13.65	9.8037238667783004
0.016905248406415944	0.075954556159922151	0.013779498387848848	13.65	11.579732958570947
0.018071582399542884	0.058370697117022183	0.011320387535258564	13.65	11.562424143943545
0.021614875944866826	0.013644770311795323	13.65
0.014751572209154275	0.027357848230028691	13.65
0.074022807860770326	0.09204628639842044	0.018030535590693512	13.65	11.489763752260901
0.025902741343672039	0.072665125050792229	0.01490392507560687	13.65	11.608836781122486
0.003495671232640564	0.057886704219226495	0.016695410833148579	13.65	11.074423678346859
0.021973459316874906	0.065996627078603737	0.0094004039804608339	13.65	11.598112969892183
0.0014746664980667176	0.024164351252226365	13.65
0.016789897527776782	0.017268170281356868	13.65
0.016212581039292448	0.046354457814860299	0.018776918905289614	0.32733695132217744	13.65	11.875571808501997	0.11818276279207218
0.0070452442541074625	0.03495025471917302	0.015545991389040467	0.26288302979273481	13.65	11.204982382559246	0.088984255476642793
0.045856706479463417	0.047108265536636926	0.010785036910308259	0.42249466181682416	13.65	10.697381159213533	0.086376024152877151
0.044722019480443027	0.066204606108749023	0.018415283208869187	2.2808645397879488	13.65	11.618709068537083	0.0067490444515451165
0.052364424611464767	0.054558671272588642	0.00963281740746646	0.42803916567649297	13.65	11.748367007975743	0.082568508050028355
0.043124007004795829	0.064669415165572189	0.0071451288797942762	0.4931700597095876	13.65	11.548578837426255	0.076246603265722523
0.032106100392904464	0.050690611051169392	0.014091114192012522	0.36460467797560442	13.65	11.687786190041265	0.12109993305536415
0.038405471132938691	0.01642235164434178	0.26910655851086918	13.65	0.096309054209135825
0.081097176762916626	0.055186508724854283	0.010815933272701151	13.65	11.678462695642882
0.010797159932073879	0.043596840286982977	0.015150783776564595	13.65	11.734402813788295
0.0025869343664794583	0.042809693317812647	0.014284408971434721	13.65	11.726805250313088
0.016750937348033148	0.06703813190902852	0.010256403633750931	0.13514746149132051	13.65	10.850182408855025	0.18367837205174098
0.0013263629809048048	0.08653045487833004	0.013812598446828188	0.25859646234617589	13.65	11.466811497668264	0.077134551191526568
0.040179890458783347	0.044963117290825999	0.013211309757172602	0.054097263101110044	13.65	11.345785392065386	0.390928124849799
0.017306074619692607	0.021907404293281023	13.65
0.013390813958792358	0.020610333278979411	13.65
0.0031834301855861594	0.017275229918282026	13.65
0.034603126885647623	0.094670487201161266	0.01286915713087426	13.65	11.691971668414535
0.050776631720959191	0.049343008765637963	0.0095987539327374288	13.65	11.669486517029018
0.11539907728454202	0.084450516571318981	0.010926400308927773	13.65	12.550096862978675
