0.024255895948747799	0.097697426102900331	0.008979652883058329	13.65	12.433074747887622
0.027238979593603687	0.062968391510492966	0.014982398360877938	13.65	12.536740516343903
0.061559877774632447	0.065380622563325441	0.017765152974926656	13.65	12.592561176567292
0.037769726107089736	0.065130198998910441	0.010921684339244987	13.65	11.945699438541073
0.02475079619959206	0.037531646693237733	0.020321233440636167	13.65	10.671260730222137
0.017247542897915108	0.058700952110304905	0.010439278523688237	13.65	11.549670629063542
0.095612156807636281	0.090968401052633888	0.017066640591576043	13.65	11.446563920093835
0.027560008473789761	0.11473323062475194	0.014309567211037167	13.65	11.678470543570729
0.0057159868145101366	0.11650881399929199	0.013964345163253391	13.65	12.558785022130071
0.038355613003240585	0.14722463388214607	0.010602540787280451	13.65	12.514960765252827
0.010336920780858693	0.075298740457496252	0.019853214668512316	13.65	11.908175253957577
0.019576612047073529	0.1098756884378656	0.011823523066903246	13.65	12.386740002093459
0.042880880387951431	0.083445952660459177	0.010022605568590491	13.65	11.73793468595886
0.042028878759130806	0.05730928088582031	0.016119847841640583	13.65	11.604299028642382
0.0048913465029078937	0.080333227747795916	0.0063836192059350955	13.65	10.958673997797986
0.0056705321447205435	0.090392734780711956	0.023810744151420392	13.65	11.540122800472485
0.0026204267628939797	0.01734635287956017	13.65
0.002790384556591943	0.084038875807518343	0.0095188667131950507	13.65	11.777445827450508
0.0042357669355806461	0.07789577479740635	0.012245641454900166	13.65	11.958619930782259
0.022831698718287444	0.060348344436748351	0.015830796945633937	13.65	11.780808320536568
0.02750746685078783	0.11687353778722702	0.011027014267263354	13.65	11.538760198715075
0.016484579459098134	0.10397859655942182	0.015950464257839265	13.65	12.513401964737913
0.0096672888993053728	0.068522442463139988	0.014721956936497721	13.65	12.39235969309331
0.0099408797837944821	0.047947942747975938	0.011589910840523649	13.65	11.457985084282869
0.048514347782914961	0.078696972848872657	0.012316848891007176	13.65	11.985454752231488
0.057089228454668288	0.092101850755728812	0.017363623635930869	13.65	11.514151082483137
0.013935878637535266	0.066148188364921326	0.014372850772854377	13.65	12.553513175406755
0.0033091774036743166	0.050905107048173304	0.012072338091370521	13.65	10.609769707921419
0.034319078197326908	0.15556121366033096	0.019476385238347865	13.65	12.516410819071934
0.017171911676593831	0.15188542611536285	0.014433201030951042	13.65	12.483720231706682
0.025728687429369516	0.040357603057732415	0.013148488761449782	13.65	11.001774825775149
0.036222651169491644	0.064959359420426591	0.014601778147229079	0.020799587146440195	13.65	10.926966737953444	0.18287592852444656
0.016014955611298776	0.079097687341937825	0.010028912616095686	0.0091143814004210587	13.65	10.881021446795126	4.0033882194070607
0.09773732717083608	0.061392633472744845	0.016784993043723238	13.65	11.300993484529839
0.06899018997174855	0.061883975328210473	0.013287583491031554	13.65	11.677212909947462
0.0095611604508021447	0.073345467117396534	0.011306359075499366	13.65	11.703735366590376
0.007713934316418411	0.020573221579728612	0.011657106743190022	13.65	9.0445085859330394
0.0087490152401889752	0.044450733271735425	0.010179922542512413	13.65	11.361788858013533
0.02209436305011821	0.043687656825145166	0.014095061938342581	13.65	10.955235708845949
0.011264985636782427	0.037771339653272985	0.014039972847608169	13.65	11.21939349767724
0.042861630923430337	0.08587158988934504	0.012407314842606963	13.65	11.973454358705846
0.060496234601848414	0.050391872868006247	0.0080876612208384355	13.65	11.008673418303264
0.030933013787911575	0.082787492027307813	0.012310163698916595	13.65	11.948004413092356
0.015500996979591697	0.038453345529256909	0.013956445972494191	13.65	10.944789818792948
0.19243707890836978	0.10827679104467204	0.012928152293490994	13.65	11.841320876885657
0.041473083792959636	0.10001346789117893	0.015080588343794894	13.65	12.401361651110722
0.018189520709608487	0.015272010149855473	13.65
0.051693106969927918	0.053488934247739518	0.012723214060414847	13.65	10.895340209289822
0.059218955055696347	0.06271747821769548	0.015438193331651145	13.65	11.52463421012231
0.012014874668255024	0.019796555387885079	0.010908314673055267	13.65	11.737125116074571
0.040376713159410382	0.080606997551457421	0.017407627662961177	13.65	12.299053611757355
0.028599589274905041	0.049368456304154804	0.015776031496510669	13.65	11.505617466105226
0.058849771001513292	0.021210094806301066	13.65
0.025528464550254173	0.13649157709707821	0.017169824554390273	13.65	12.463755079185383
0.059778110250212055	0.06344736385849209	0.020557332604503088	13.65	12.401499230121768
0.0054486793589178569	0.020654344945671206	13.65
0.0093279714887638723	0.059285792400736191	0.013613851574862683	13.65	11.533470374534465
0.001124649458590115	0.12581188396851689	0.016127727929511271	13.65	12.539776507942198
0.0067220143245661692	0.052273624002431844	0.011971034049859573	13.65	11.371759454607867
0.048937838425762208	0.040025415116770137	0.012539064167430319	13.65	11.107296585684539
0.0077937729439851262	0.059334755694084265	0.015185311512912318	13.65	11.52496707842236
0.0024183404052961154	0.13132232081331074	0.018560075286137179	13.65	12.05733087319471
0.01130524536152705	0.072311707614277965	0.016341743567826653	13.65	12.341947457120103
0.0038530928889003837	0.10105249867199764	0.01559022465157418	13.65	12.522525759716464
0.037767286063835469	0.05967487389093757	0.0056356156917495605	13.65	11.456559652009362
0.021650416259496055	0.081315088275866892	0.015395561088009812	13.65	11.888977573004517
0.063244211116697827	0.094026729792867705	0.022279882516736217	13.65	12.573766265657992
0.035227059019924005	0.066754652333790424	0.011412477698491531	13.65	11.540142345333965
0.031709490881691532	0.065183277019423017	0.016670083844029706	13.65	12.050391339396526
0.0072852336909807157	0.080871714725068641	0.017281863591401561	13.65	12.430058338402283
0.0039459284640823381	0.060809375361217166	0.013698063650967955	13.65	11.009207169298802
0.034048713170385263	0.070647778664219493	0.013256350919929135	13.65	12.428800101664335
0.028375360565533241	0.10405891918044956	0.016586201235498099	13.65	12.538829906940308
0.060953474665674495	0.038256180253959625	0.01516871460874694	13.65	10.952377932711322
0.13748954265567806	0.096228424365149584	0.012954682841472148	13.65	11.752169207675207
0.017774276644959685	0.065323132625627625	0.011048810618650916	13.65	11.521352397081095
0.0064801151181117199	0.076628570216030673	0.014358887281919107	13.65	11.514564104543092
0.021592100254381172	0.088373176098304251	0.017928603915815307	13.65	11.945610572564698
0.0066274314514626542	0.018900539294879923	13.65
0.0052409452260615491	0.12434329227474146	0.010062562707438164	0.016696594810792793	13.65	12.532207411066105	2.5624177566971387
0.0046760493535589311	0.068408081724897069	0.014147803783614873	13.65	11.993323553592367
0.0071859862193348681	0.057518604816442158	0.013488164052280809	13.65	11.731132658974772
0.06592069971339852	0.075725232692989405	0.015351649430007669	13.65	10.676608854951022
0.0047115725459127055	0.041611541705176648	0.0073961000661393016	13.65	11.48765466299924
0.01614160358802354	0.087159784763565076	0.018346285154010013	13.65	12.506203095411728
0.017096806666017966	0.091806879768711561	0.019319267193666802	13.65	12.558513447140275
0.087242049857772577	0.17054627099019959	0.014644959529962807	13.65	12.5797262288173
0.089166726119455905	0.11111020715368593	0.014353820160525972	13.65	12.56681085487306
0.050236411732257444	0.053472797432742851	0.016474080516190991	13.65	11.529058054588843
0.0073723612397347954	0.077573336695250281	0.0079696362784420945	13.65	11.303071064666876
0.01168077550031122	0.065046502576200968	0.021047988424447998	13.65	11.251263103824696
0.034522083042484754	0.11848031126296872	0.012898775058927309	13.65	12.566160120160035
0.13319538066993286	0.047347752712849467	0.015737191276460054	13.65	11.754367354573846
0.025104182661571311	0.094123110416101968	0.017349172743237017	13.65	12.253634010844358
0.0036527426065540692	0.068809983494939567	0.015251801475882407	13.65	11.461073265818031
0.011585378937546686	0.083572836630319197	0.014316039956824803	13.65	11.700641670202318
0.025208695066033134	0.080638557454657284	0.016894755966114113	13.65	12.399793608901835
0.035598818223571201	0.065473590481034294	0.014397250714433762	13.65	11.221073315735952
0.028988520401429366	0.08306766342346969	0.014555231702348384	13.65	11.419072500328646
0.030827689865715123	0.025980177933971667	13.65
0.052644922766443697	0.075738994585359654	0.022073092457040405	0.012412150728863267	13.65	11.940898344429835	7.477290991563498
0.015718690500050699	0.089908363757595949	0.013253140742990246	13.65	11.470283309782626
0.0034300599836522253	0.057390494741698453	0.015909327437156361	13.65	11.386865661011404
0.0023359990548145935	0.074575382334276449	0.013070000010961046	13.65	11.512154349748254
0.014058026364966133	0.015724232660102339	13.65
0.035587154136990144	0.057798391030207452	0.017654318971391716	13.65	11.633940721652857
0.034890980955165338	0.07443008744038386	0.013721598444132996	13.65	11.497338930900668
0.0095203228611580142	0.080102286516580606	0.014933748674211352	13.65	12.543595873985563
0.0096600658785258118	0.020080441959815346	13.65
0.010688754903346986	0.06156957017288503	0.0096806792727821139	13.65	11.081026807782848
0.01880740789862647	0.067718434509192738	0.016616377541888418	13.65	12.149556457929236
0.1033358291814251	0.053309375811867114	0.0040984418230351084	0.011754000916815079	13.65	11.34845218600038	7.3007538487755737
0.008559638557932436	0.11777728783615025	0.015115883934584625	13.65	12.432795957887715
0.013710049935609677	0.080846238670216661	0.013592095597557707	0.026652331292491831	13.65	12.457635605578458	0.16074009948731149
0.0012735620744561396	0.11663509804238517	0.013189331559847792	13.65	12.645183963814874
0.0026298576614323813	0.073281243914663952	0.012895474766492526	13.65	12.582402565840937
0.045257068291004107	0.021874492648069913	0.013984621300483746	13.65	11.432232905974235
0.026469128520098226	0.099914336850926835	0.01430385490033354	13.65	12.55136010792808
0.015507223145366705	0.049169686702856145	0.013891053011810109	13.65	11.038121812127713
0.024984240955778586	0.062467072451905553	0.01332027375515712	13.65	11.545662823426271
0.071858315263660377	0.12826768658089996	0.013514942942480936	13.65	12.345931925630955
0.071636891858346624	0.049901406754679786	0.015663409768811445	13.65	11.458154728370433
0.021368664956260407	0.061832207484779023	0.010725063195320914	13.65	11.375494729107356
0.018374093938756605	0.067057770918672807	0.016224420182739396	13.65	12.257675524743162
0.01922773002390888	0.10989180561103336	0.015028703129581218	13.65	12.608961859093153
0.023617479885844235	0.051122285601209398	0.010662643726027708	13.65	11.960679846382781
0.079369908780324835	0.092274186006113201	0.01277022931175569	13.65	11.253962461230969
0.088042524233417643	0.074150525476578452	0.010291622515187036	13.65	11.868221654049639
0.032414939892928429	0.093912973404225733	0.016679742742466096	13.65	12.492945415318772
0.011501926263811139	0.080550360967993853	0.016521432674536631	13.65	12.532441797645994
0.011867335684251678	0.077023220234637785	0.014663881784450963	13.65	12.545952078803971
0.016406215315178687	0.014043892473670711	13.65
0.05163384467944522	0.022807911753619393	13.65
0.082814747460105559	0.07343869755666671	0.015635646123578935	13.65	12.544860863483567
0.031936900409296913	0.080339076448850841	0.0093633060046207379	13.65	11.284235369608682
0.029225757896013532	0.12132441762551863	0.014668360702781066	13.65	11.65400509402183
0.032652298576008362	0.11823968286964846	0.019490340476039637	13.65	11.695986232141093
0.023508366979391064	0.15077214171807418	0.01048924873350195	13.65	12.449686894085609
0.082630701390415159	0.15350184237074982	0.013825907860833618	13.65	12.523757598747336
0.01293530617474864	0.067455781673165294	0.011099166212274716	13.65	11.766375217615408
0.020178362129566189	0.086960742565779431	0.016568151449513804	0.20126927141409309	13.65	11.318284744553699	0.14995510409843416
0.006532558926084015	0.039210278446456845	0.011153613445033269	0.42366900003389968	13.65	11.653337549364416	0.11159216670616678
0.0047066471194866077	0.082439352617209166	0.013179215943021095	0.89618214662253515	13.65	11.412163258715355	0.03855860024183444
0.020395905780976793	0.054114426155089282	0.014639896193327078	0.18108332094227797	13.65	11.394342437967472	0.087643883646042697
0.0038255105676362942	0.06347547832264426	0.016499534198501621	0.13670987857323363	13.65	11.089004126025891	0.060140649489917375
0.0045733431529107142	0.039901761026217439	0.011762852803345577	0.18197893915178209	13.65	10.568842390804742	0.17800041323952975
0.0068592079170985212	0.07478487763924542	0.011589219289235312	1.1555002420263234	13.65	11.679670046616472	0.037333140732721648
0.017595461049215923	0.052856396914132922	0.012084852164935709	0.20789439861880871	13.65	11.656917073813144	0.072249778192093883
0.029974526959233343	0.090621344686433569	0.012394874068732782	0.52656249961273771	13.65	11.631133533118243	0.041519926744482349
0.11756151798129341	0.060283092447183113	0.011444126249918314	0.22951336111245857	13.65	11.794064027131217	0.025900226345284771
0.0039248040740548825	0.063527611913800991	0.0090383453458004817	0.84080202451038422	13.65	10.315364662224036	0.051229070708955993
0.024673069101523237	0.083130448865499834	0.028003029824849441	0.0072150215961513768	0.020380959449769438	0.39850728497834587	13.65	12.555682578098722	11.425531840599437	4.1578558493058901	0.051457742972191634
0.0077839673284993216	0.053214794496584415	0.015512586277161783	0.60679137384351789	13.65	11.330295366033232	0.036803315414340121
0.0025172736747073191	0.075011922047101581	0.0097263990583328509	0.25666536958969854	13.65	12.402937939647339	0.062136455004658031
0.002488754079612159	0.05401302927079412	0.012710041021284983	1.22550540544619	13.65	10.982638604115674	0.031940103999995584
0.00091207303572931708	0.072323275731995901	0.010979183429580663	1.6247226496461513	13.65	11.013484699533079	0.031940103999995584
0.0035857935175413374	0.08048398121980449	0.01662665843404651	0.39200622896786014	13.65	11.421700344880646	0.11779009144683894
0.00080411526166071186	0.085941884444642833	0.014882970875475035	0.24539068100004158	13.65	12.540895346940705	0.031959051673407624
0.012984334947544003	0.054662930360887207	0.0090175521215367354	0.38356933026835605	13.65	11.11643975642799	0.067896665577095172
0.019851154208542898	0.045611899638011939	0.014209142528007165	0.64397753251044909	13.65	11.686343882603248	0.037389306290007585
0.0037025997622648567	0.089946099504050886	0.011866750658087739	1.2873655913477127	13.65	11.452624737608431	0.0017140505943914475
0.040753200872947114	0.15099420679969419	0.013623041987686775	0.51130495001428511	13.65	12.490457111517603	0.059312880351673813
0.044890567491397214	0.074921759654070358	0.0199205380119774	13.65	12.316397262000486
0.0021397238300401859	0.061268172239016171	0.0092292992296541324	13.65	11.212927915792761
0.0027711182538598948	0.017050728803507512	13.65
0.023378564541844542	0.073060183881628701	0.014343880981315478	13.65	11.450299170027119
0.0041569676723099604	0.12386017041479595	0.021217460535904949	13.65	12.296147618958473
0.0047827852860461567	0.047743418494374482	0.018087238567130428	13.65	11.513916503869897
0.0024154786965977443	0.054303632223275569	0.013322754187023117	13.65	11.637553263320047
0.0126105701944405	0.030612710368470089	0.011303368139053211	13.65	11.589031850799856
0.010389830499551719	0.065747495138697848	0.020624276146783967	13.65	11.634035671996282
0.015420795083815133	0.042548071644744292	0.014621312377802023	13.65	10.859843130884975
0.062567663093715267	0.1391373059939435	0.015437122890607372	13.65	12.604769684904181
0.057274533534226124	0.032172767004129368	0.012351812507617986	13.65	11.694052823213759
0.074596920717785495	0.074034397399045285	0.015160953015098776	13.65	10.834705417048164
0.026386545179447433	0.021870510650283174	13.65
0.022967795045191992	0.10154459293413094	0.018796440248390108	13.65	11.772208763989529
0.04287161644824853	0.068202869867152419	0.01153885674439561	13.65	11.686855123582395
0.0026244641422937549	0.0747777992203153	0.01312483155036964	13.65	10.891316923756854
0.0013345176217246328	0.07709632096134833	0.010779025464231783	0.18326335034829483	13.65	11.730782291584223	0.14873741374510407
0.015175753449435342	0.051008919325089212	0.011722821254352341	0.23374377049547729	13.65	10.318880283261272	0.043467791269343414
