0.013489218676798106	0.048255948301142049	0.01926325718133429	13.65	11.795908904004984
0.038357858551788589	0.056110995391222697	0.018044579393995955	13.65	11.506363241686042
0.034043376201432787	0.11217642504873286	0.014010927456220545	13.65	12.54643631636505
0.038296506085812324	0.012997659684182499	13.65
0.040862803133051628	0.066551088069252043	0.01142246406210597	13.65	11.391141176606864
0.0065904548069993466	0.098913034341511552	0.077422513740839971	0.020265179953367386	13.65	12.50674648722074	12.197077372020242
0.006315787649977804	0.07513063304326445	0.014433254350547514	13.65	11.593959041629525
0.022093058036152812	0.083977739805113139	0.0136314809849658	13.65	12.267695952532366
0.02037106445152443	0.066210492587241501	0.016424030262363245	13.65	10.755441789504316
0.035760449972817653	0.058213869852447392	0.012611100598342077	13.65	11.033506014076787
0.015032453095285093	0.018171110348890972	13.65
0.031965710340878167	0.014104563646413503	13.65
0.010303147093800541	0.020929131305093933	0.015844087371511831	13.65	7.0436075244035363
0.020839669006714995	0.032672617295124509	0.016850924374252157	13.65	9.3862353641715739
0.069668854939290981	0.019626739036894703	13.65
0.027651555253124474	0.045041803612786889	0.013982176819383423	13.65	10.289173069894053
0.035080561264266473	0.014184368485637925	13.65
0.012555196313150361	0.0166056886470758	13.65
0.017762303566500288	0.017544140334869118	13.65
0.046260655548541217	0.048418351874831851	0.013914880593253152	13.65	12.133963164842916
0.027995357841799941	0.039725301101709631	0.013325985268139502	13.65	10.327642171976747
0.019598554903239845	0.15110565268128548	0.017219125893321172	13.65	12.306259434435548
0.047018201144187852	0.016376568125661139	13.65
0.027446980674967762	0.050452883898966641	0.0098659735944560487	13.65	10.521232410313502
0.051651106496982374	0.11268568526729394	0.024469701084488975	13.65	12.293263811950595
0.034019846943042525	0.066096107227894052	0.0094083555088041535	13.65	12.315957980496391
0.046181009447937536	0.12894875353938651	0.015262982671391718	13.65	12.577253982820773
0.026184276430471613	0.021775446772672954	13.65
0.014403924650602244	0.014951849685427628	13.65
0.013887594641192139	0.064461201042850219	0.016854741529443419	13.65	10.76434659039762
0.010943384080493092	0.021244780965248653	13.65
0.048369982141812817	0.057042444393845718	0.017771491378192995	13.65	12.371027367173159
0.056146664223060146	0.039385986431075604	0.0072916765675803191	13.65	10.751182599897714
0.026278614311272212	0.034443867518150838	0.015164718613122345	13.65	10.623228782487553
0.043177882177662122	0.024224717787324556	13.65
0.044398419513525508	0.057143246929574426	0.019144835449969047	13.65	11.495083785259737
0.024431871932626307	0.084373859521940126	0.017783633299599897	13.65	12.586304042280487
0.0056459919256918794	0.10827258282938985	0.016961751397989892	13.65	12.396093171341599
0.048545575375129962	0.065087362613896207	0.012197490602276342	13.65	11.589832049062116
0.0051355233434415603	0.022872695747647498	13.65
0.0016414819879342717	0.054484208241497696	0.0087750077314702277	13.65	10.312684664363331
0.00062690534675858959	0.059760830209296414	0.0077833039067533357	13.65	10.819829382577415
0.0053574351127250843	0.032671637465833514	0.013425529318479732	13.65	9.5645845357867803
0.0062161167684570773	0.026142160907282691	13.65
0.013344837928835118	0.063388804359394438	0.015210698156758455	13.65	11.495638161349524
0.014883433192738691	0.019111262334762812	13.65
0.047013284069071917	0.067882303260594593	0.012904411028898501	13.65	10.243727085386496
0.063213283220144231	0.049767425863795595	0.014773642914283595	13.65	11.592701463556855
0.014394327750807992	0.039220365079529515	0.011496297261233057	13.65	10.532656221973106
0.037388307905447705	0.074167875510023781	0.013272359570897552	13.65	12.45540484004481
0.022770651505299458	0.10240577629812955	0.022073837852252299	13.65	12.371571725297011
0.014433499640712834	0.028823558939418795	13.65
0.0218356418724256	0.019412143572322967	13.65
0.011174631836895033	0.12531010309719198	0.010768668306677564	13.65	12.497213852217598
0.034197629096175651	0.028283979677647387	13.65
0.015503263899819852	0.01701400769516026	13.65
0.011902994278883833	0.016951194978925773	13.65
0.011831842068708664	0.064062056414779897	0.013092532224434751	13.65	10.333333025105558
0.0094284348919325481	0.014852318743506648	13.65
0.016153648163903852	0.019593634282740843	13.65
0.0062908295539970656	0.022454932919251245	13.65
0.013699597932986359	0.024473301243544604	13.65
0.037542869426717036	0.077944634980837438	0.016681633779229058	13.65	12.237233170142229
0.036823565571990617	0.043053721519933696	0.016936307942510137	13.65	12.196145329806841
0.0090945924054734156	0.023422183557322337	13.65
0.02065671996250102	0.017886821934091489	13.65
0.014423328383783147	0.10628891153139886	0.015395470699864702	13.65	12.649292403701017
0.021221620712256552	0.037778506495482797	0.016271167652445937	13.65	10.922208438379352
0.020115756439663408	0.060231291114998836	0.019512359041278435	13.65	11.672916001174174
0.005193434489348849	0.01949834926458029	13.65
0.0064137104228828741	0.053141417082477868	0.015242146125547033	13.65	12.594882155422075
0.018012816416222318	0.055405351827870424	0.013816347696125983	13.65	11.522996969911482
0.041074353063909781	0.021880561693573743	13.65
0.07495917374331014	0.024899438765065941	13.65
0.019413007494388849	0.066506628556048705	0.019702982713176019	13.65	10.638383480584363
0.086080245790002119	0.050409661816073127	0.015566814311628312	13.65	11.418338461490865
0.020562428914683521	0.0186337485387463	13.65
0.017406075578463617	0.082476991470662162	0.010441244877369187	13.65	10.821690616137104
0.00089861194765392387	0.029402306912352395	0.0099445788215426108	13.65	10.279023439926583
0.002602020839649916	0.057877667749855692	0.015920283005107054	13.65	10.781444897095287
0.027684477621664094	0.017644577352892481	13.65
0.032158836876219975	0.016191311341094673	13.65
0.064859356108009344	0.060052664374913266	0.0087332033516198272	13.65	10.714829410534064
0.040079443255686471	0.019668063658648826	13.65
0.010236831976734289	0.017110420940814525	13.65
0.0068794059936096589	0.022663794155842156	0.16226541539836847	13.65	0.027436482600891265
0.013675255755950239	0.048283232652227316	0.010024855259117066	0.20541633791553315	13.65	10.62777654397188	0.21744636180356647
0.0076554481799217559	0.017328095980734291	0.42467729413638	13.65	0.062028821988302063
0.0012872526414173741	0.055182512780655897	0.015057812555940709	0.37170713582617515	13.65	10.513155940255368	0.073577317314198365
0.00053630058863339298	0.020172420075647228	0.16816547855570585	13.65	0.064189398513222251
0.005658501586086712	0.057549984532653808	0.016131615223695057	0.19035163685174622	13.65	11.963204132301499	0.07081703174744558
0.032051470255885277	0.12379184612974914	0.017255697003895468	0.50436997633957326	13.65	12.501353484999958	0.065740509427913874
0.085472179583195557	0.022619871831886587	0.32258320062129803	13.65	0.13773552153761792
0.036832921719185743	0.020510382714685797	0.12512922281862746	13.65	0.076134414158914421
0.011102112841723145	0.018500104209780367	0.331826694102271	13.65	0.063937073949348
0.024495453739722662	0.044276230605095779	0.017117854820470617	0.26573829885068995	13.65	9.901865942556153	0.13199345141319541
0.043307878612438941	0.060988655969399029	0.010940028856711434	0.096971767359600905	13.65	9.9157401181493903	0.11630803418777946
0.025636095533588074	0.01809849431266284	0.32436400877508692	13.65	0.14667572463192757
0.12074289741936349	0.015195608245505216	0.36142928816047348	13.65	0.05228565807966179
0.01210399770151239	0.022241565122173988	13.65
0.0099404019497596197	0.05234777328883071	0.019798221911314876	13.65	10.745166513229758
0.030336527152998217	0.023981766449603439	13.65
0.082276576751435751	0.055052228687368261	0.01505349730534538	13.65	10.728808680758451
0.15120062640605642	0.074009350975998672	0.016068501032582144	13.65	11.543123518087594
0.087538558545507295	0.055608758053393631	0.017308915677657525	13.65	10.745124258520176
0.054720457906026615	0.023219788244094753	13.65
0.047639131013058764	0.021735802388196526	13.65
0.016856978436819849	0.020709270120393797	13.65
0.0053858292665506062	0.019276923517478159	13.65
0.052310514717611882	0.10890472221220789	0.016613191754357898	13.65	12.409587165418168
0.069417269337194637	0.018506172136496073	13.65
0.023225174658982026	0.046149451544640244	0.012287427775907385	13.65	10.593904099613487
0.020813082767686935	0.057072878608821383	0.012059923730517733	13.65	12.467990179031021
0.02257045820876848	0.083549811449810038	0.015424126607830112	13.65	12.418003430796849
0.02200715095779476	0.058552270229778519	0.011133979339663105	13.65	10.364859649119317
0.028598568570956551	0.022491016991714942	13.65
0.092607853284013414	0.019830594759208751	13.65
0.02045524753503249	0.051472546722280701	0.011911127280793393	13.65	12.533835291608867
0.12309578187874248	0.063886258845865657	0.017390046577499527	13.65	11.733208770041774
0.023925727805288562	0.084039053324840712	0.012519045343955655	13.65	10.770736769638608
0.034417187808484483	0.066063968676042542	0.015654129119672809	13.65	12.398136857130817
0.0089931061664022868	0.023945826872338587	13.65
0.029009776701235657	0.021653719203526153	13.65
0.011695368062214939	0.04388303380361655	0.012220639662969877	13.65	9.6412256963058454
0.011143459785502326	0.094466540069805163	0.016869255571003865	13.65	12.313292700644379
0.025685805607518639	0.022387874070610738	13.65
0.049763826350884312	0.020203339572805571	13.65
0.010791386344640316	0.020931694251048686	13.65
0.025388465034398174	0.015803840558560829	13.65
0.046917038864184808	0.021088299865618009	13.65
0.086990111312733501	0.037585407581496207	0.010669674678991064	13.65	10.095552857209503
0.067552051998643017	0.062442057296216123	0.020806499586668241	13.65	12.282167809763346
0.010500982731378557	0.016121753031989178	13.65
0.016056495498275931	0.020617304337400517	13.65
0.023047691829671358	0.024064796744983748	13.65
0.05193109993556061	0.023150991668005553	13.65
0.0038935905043643313	0.054828790381728193	0.011141045309160689	13.65	10.331943525149399
0.022031061193776891	0.034678698971465589	0.014973316525963875	13.65	10.756913560783108
0.010159724782479687	0.054347426563394717	0.008905128173154947	13.65	9.2129704419160365
0.0033726615583815909	0.037152388601863907	0.016643443534918003	13.65	10.940764511333727
0.0010513354286880734	0.017828007723094265	13.65
0.017959667160683104	0.018618710134684375	13.65
0.0019887301902339317	0.020012862177280703	13.65
0.0051198999513841327	0.075093514334688874	0.016138424608013003	13.65	11.896289192502767
0.010088096764523519	0.016677373582432577	13.65
0.011192792683550456	0.11801994839006241	0.017278515443717401	13.65	12.470990287212484
0.031423685196581223	0.015636561780947696	13.65
0.011300172967366096	0.038725322764613171	0.010952694887212878	13.65	11.579685543992907
0.054257302469817165	0.12425356143610745	0.015708648219901707	13.65	12.412309493967324
0.035630695289239678	0.039528183581893278	0.01946115883780717	13.65	12.589293495342572
0.0032523332695268557	0.014901811761834281	13.65
0.004054971040933472	0.013336708823944804	13.65
0.011529309328682454	0.017280713758400776	13.65
0.016724441571282493	0.077050737304366623	0.014420261574648234	13.65	12.52650009139656
0.011589578519390235	0.016897788274587974	13.65
0.0045574894091072061	0.019076617697849931	13.65
0.017775409764433078	0.019193259285400086	13.65
0.039108472077188351	0.031525734215755566	0.016274038220551051	13.65	9.3499465187484869
0.034755754049839882	0.055931614188755571	0.013491170632839765	13.65	12.611109367311062
0.011510895277214073	0.067761193172150097	0.010191024072920543	13.65	12.398350114811098
0.022664019069033536	0.042049139501923856	0.01247557242656723	13.65	10.392211497510742
0.010157928247587135	0.057314130035489678	0.01638972421068826	13.65	11.515589695642118
0.0065065288666250462	0.048615144388958191	0.017546874049539762	13.65	12.40612247330815
0.035801452060345511	0.023570520118958986	13.65
0.029191959020535171	0.050256844306689322	0.011610852471665498	13.65	10.843283050479876
0.011017626877447343	0.1340582657532442	0.015612576567182396	13.65	12.582193064633572
0.0099381782920507523	0.028419063847743439	13.65
0.030694582342008104	0.056137918694810815	0.011179429306065967	13.65	10.443745797173415
0.0052049743676091786	0.024521499951835366	13.65
0.004822622306909231	0.075134809805898553	0.013110709364833779	13.65	11.728019442968105
0.012139907619274035	0.024208155673210385	13.65
0.01066755751248104	0.060431566637869479	0.013698943660883697	13.65	10.643355432387432
0.0051570610845724854	0.021965675518267343	13.65
0.036325913982743062	0.056618092635676354	0.018961166013174068	13.65	10.588896837619831
0.082669050075602601	0.067024086523344559	0.014444329693889847	13.65	11.987097364272893
0.043758831167366521	0.021584481882849414	13.65
0.058080855607896748	0.067008584701164636	0.0096797997216385417	13.65	10.794278626309218
0.037882937438703308	0.078779716588921717	0.010254471304839906	13.65	11.9830523718335
0.070686561794542579	0.024556352771670079	13.65
0.13606785611836419	0.024998523131808038	13.65
0.0094852597245213676	0.025734303959578472	13.65
