1.2474251328182862	0.54495545679578972	0.081506188624374754	0.018801176069542791	13.65	12.647236846692756	10.657357373536158
1.5352387832774603	0.53999842211527516	0.095973385112519641	0.02132350445435904	13.65	12.641364901703637	9.2075127277766509
1.6245550803879645	0.53519867236651886	0.090343336029969787	0.012329003435228489	13.65	12.600944443604371	10.376046103321581
1.3522246356515351	0.37036708424398873	0.27315446151411582	0.043767069050266699	0.03544149811724516	0.016598526852805856	13.65	11.932927816563211	11.837405901545996	10.855649939411713	7.9368139209424431
1.3823758046042083	0.50807943236981978	0.10988084576975389	0.012671306293271279	13.65	12.570131941175211	10.32940931014735
1.3669529186333162	0.50472243700361741	0.11010530220982984	0.017682796868423944	13.65	12.595800964175538	10.395379582941375
1.4115625958235618	0.43204336372056662	0.10479696976071605	0.014536928908413332	13.65	12.589133850551042	10.219742225395715
1.4681627792645606	0.44659671550196256	0.09499730895930901	0.022229809279909172	13.65	12.606332436540386	9.9836458482271624
1.3292900612151255	0.52157406500486536	0.075018363106970479	0.023813673775525904	13.65	12.479152284988132	9.7512217219384549
1.0893956599561267	0.55777563500054506	0.086042496138614574	0.013593321393107181	13.65	12.588952165157121	10.26801717976489
1.1326797423865236	0.53601880590836259	0.049204581231083691	0.012039637857994768	13.65	12.628342816660771	5.6036147689228599
1.6145081294600014	0.49556840023336052	0.10768066367326759	0.013739317946825215	13.65	12.593447586520611	10.360424006944289
1.2219051723766365	0.46467154760460988	0.093858445375948701	0.012319413714185589	13.65	12.589864856583763	10.066021684646236
1.2403557579641735	0.60687886503697686	0.077890513697897776	0.013820061299684537	13.65	12.599240343060279	10.298336445948603
1.1369123307611204	0.42489768212197593	0.07691560452190517	0.023529297834356561	13.65	12.622544315333844	9.6978685828189928
1.5005381964868709	0.5042494723878389	0.070197433093848016	0.016611482147849719	13.65	12.615599278426583	8.9991273660607334
1.0634144168757227	0.35617324597856309	0.15008278137415682	0.014640342482112134	13.65	12.58782632542073	10.336835365368259
1.1983328332978287	0.45115361900519468	0.075731470183350191	0.014079135512339462	13.65	12.585012506635808	9.6856954323671953
1.3172864627824608	0.4704625518366195	0.083116676879237267	0.023249973587842268	13.65	12.3444914413063	10.341608588038719
1.734397830265578	0.48131170620544639	0.085934889211819215	0.018716180760788639	13.65	12.582645196052297	9.5595588505659528
1.1679736992096192	0.41220596527181624	0.050881271994493861	0.017886643235201893	13.65	12.528112485247217	9.916128788317323
1.2294264869244806	0.47593965635933988	0.079515338446005682	0.01600326602017773	13.65	12.636322257431384	9.8818736739543507
0.93842466620536846	0.45786029374361747	0.089698640824019737	0.022853530692885583	13.65	12.639254199383551	10.267943898837226
1.3311164320703108	0.47810600744213466	0.082380412103489079	0.017098967631883736	13.65	12.647825384564401	10.175836763213825
1.4625454654257584	0.46698425947000194	0.086457928122204292	0.026159617837605866	13.65	12.628554301548704	10.332376590870796
1.42051069920668	0.45589541094609476	0.092357346008436925	0.018081197569712291	13.65	12.595953175159032	10.037807222470617
1.3123781077472672	0.41714480993924952	0.098798884173009749	0.021232114953947303	13.65	12.537957123394785	11.234166243675745
1.543040062045731	0.48122391284889232	0.0926626552643358	0.015000283473966492	13.65	12.63712218036693	10.166452333704225
1.575228758516467	0.42940641904808469	0.071060732922280379	0.015181501642721864	13.65	12.579964758678431	10.530077566376093
1.3291313750763614	0.49679706530264317	0.12720961581653228	0.022891087168466627	13.65	12.574291701978584	11.350577853348284
1.1858775662832461	0.50742041554172601	0.11296040932510633	0.014496484542245114	13.65	12.635604730872064	9.6821426414690084
1.5804795057605368	0.38635695935466119	0.11771874745746695	0.016609027667985245	13.65	12.114889335215581	9.8615772107374582
1.3178763305662913	0.34036662097032944	0.071320305612005599	0.01775950167723625	13.65	12.159353217014015	9.1557101322447139
1.3945784762960602	0.47793807285107376	0.12931660088842348	0.020959279745655601	13.65	12.64778148236439	10.207380808502206
1.4147939765223494	0.60269287029159924	0.092183976248024518	0.016978518877161626	13.65	12.618721987035062	10.285738248407457
1.1375202602522874	0.58499515137986446	0.081597954072130149	0.031695671873910723	0.0034359768342050816	13.65	12.648327120622087	10.351478831391553	1.6418840488252453
1.1273350556076356	0.44269266092563347	0.084189727022631985	0.021042609676819105	13.65	12.477570314774248	10.266309178782482
1.3962946074693263	0.50824657299187681	0.074293805632640236	0.014566363907117921	13.65	12.648040065227724	10.363342662172066
1.3461261074179167	0.51737251613737689	0.056291041345756507	0.013130687571693151	13.65	12.561965602253901	10.362506574392764
1.0932488425833102	0.64078825244786042	0.073624977512881537	0.015222715857326157	13.65	12.567862021879288	9.9393832132672468
1.389817942919483	0.60719890267121135	0.10402327921644178	0.020713056016535464	13.65	12.589422435126828	10.59205161573122
1.2815303142791992	0.35318321561149141	0.082894638209797811	0.020076763533443964	13.65	12.580119727395148	10.543823987651335
1.2771460805048183	0.49011832522954329	0.077489474466726854	0.016562800725013115	13.65	12.647024114262134	10.274299355195597
1.3125825724388527	0.42348095357333615	0.10027787055953434	0.0084844341384224167	13.65	12.551996605112071	9.7020823083666521
1.1414121098649583	0.52179932203592072	0.08755539832687563	0.021724621982606284	13.65	12.62737252698262	10.321955011503379
1.5830091620466289	0.53990038169308641	0.11112420295229819	0.018551240745394697	13.65	12.647795741752962	10.29824768140641
1.09310154481624	0.6538437894516157	0.088030977618384368	0.017112626389753846	13.65	12.643987973492493	10.025072479929843
1.3263834879997893	0.44671879719909952	0.075374792212885247	0.028594664765720153	13.65	12.602136034557471	10.463811096254981
1.4305837946094013	0.44044874508873916	0.081197336124270436	0.014481086119274636	13.65	12.580028903405745	10.047912550508261
1.4430549526012881	0.49834752119034559	0.095839394249701518	0.018087371225869387	13.65	12.631226147892324	10.073612421756382
1.4925458274873935	0.54426017638110102	0.18327721723505289	0.025635190835242468	13.65	12.636612012132106	11.675374142598024
1.3252706880017591	0.39223468000813522	0.083303039775600732	0.015876980310169077	13.65	12.571053967621367	10.439896102247642
1.3000445581940279	0.4777284411475447	0.078707714543039098	0.019865160777346187	13.65	12.627556024724544	10.357097020133613
1.4776011701181078	0.67371534345454276	0.1076012629433476	0.01777307026465957	13.65	12.537075159514943	10.367906002777939
1.1581247296545492	0.41580051897064318	0.069394976708923778	0.024473653074516565	13.65	12.567684538195667	10.571955941677444
1.1939645546565518	0.56060044662657171	0.10174747142964508	0.020746525279364991	13.65	12.569826736095211	10.337272291061511
1.132993151336122	0.46603972186120618	0.070588425968276497	0.014811231858958199	13.65	12.573891810417949	10.306326805602204
1.2029836248239567	0.38752397046571296	0.095992797600886817	0.015581536062956518	13.65	12.606428365414395	9.6843822890831373
1.1059316200872409	0.42255304298250318	0.091121958998935812	0.010419191964737975	13.65	12.600216264158574	9.8411740465644488
1.4596470683077809	0.40698691242576041	0.071112406133315223	0.020241157214693759	13.65	12.50332244535713	10.514854985440845
1.5316122420095701	0.55105247650360489	0.078586867803012314	0.026934262334850401	13.65	12.612014627559592	10.364153126022661
1.1782034921634945	0.45205941836124786	0.11810692726069098	0.020677697821461911	13.65	12.552314671952203	10.182015058330403
1.6797273530103258	0.56309754970683645	0.091848451799406788	0.01658156591221473	13.65	12.625677338137953	9.9429186656858413
1.0547256818143491	0.60388191690514792	0.080730037912136274	0.018341869728731114	13.65	12.575092369218781	10.533122303490037
1.2813602121894476	0.57661041633839405	0.081883520629931358	0.01698454927348346	13.65	12.642029339805593	10.255121249160004
1.1699108817985207	0.48544117921592544	0.10363664141707889	0.010843936098538043	13.65	12.573972685380093	9.9810032593232947
1.4140757353225015	0.40077781600499879	0.068060606251652278	0.022390545836050713	13.65	12.450956304918936	10.076514141469326
1.3737705074546287	0.68265108835213306	0.094111494197687537	0.012536016861204664	13.65	12.64372403944385	10.05502745782371
1.4086061660884248	0.4641196463866562	0.13255510793892128	0.019963691530338445	13.65	12.638061739309626	10.424797732335142
1.4637599297264348	0.50750650070176628	0.090548375296478564	0.022842652398010008	13.65	12.642569420362504	10.390813898130045
1.2752343066935894	0.42328992728508757	0.11263065922530534	0.012757021286649168	13.65	12.637630959179109	10.376275626928161
1.2330912855665734	0.49709225172391291	0.099265937265075543	0.011958030549260425	13.65	12.631235428983691	10.226397464255541
1.2841053328421388	0.48550825492094563	0.08935710677005379	0.020626544380418759	13.65	12.583459438222388	10.090099723573244
1.3226731133731748	0.44793799747816571	0.098823662193019815	0.023834361006595504	13.65	12.40992272790144	11.325483773535227
1.1720186137988604	0.32412476592445522	0.12353788343206897	0.020186925538878818	13.65	12.591707728691988	10.176609351440964
1.2345778333015642	0.37666650495139881	0.071068020149791369	0.014598071171564597	13.65	12.584892575828754	10.329819308228748
1.3722997275540498	0.4170587106407308	0.077669537466612024	0.020317795882449058	13.65	12.582193990383354	10.346028039427207
1.1617841534606026	0.41018133016046049	0.113886033627533	0.01647531731656365	13.65	12.637683390101657	10.430060923854876
1.1268983720482422	0.53642233197371469	0.077097681249302621	0.017572636485398193	13.65	12.592338331869561	10.004974888537921
1.551732555500057	0.41472726485418665	0.11536491644288628	0.020882198231084965	13.65	12.59988832899823	10.06888659375039
1.2209322193841079	0.45792320329103853	0.11285091054182411	0.020082632843392682	13.65	12.587296627984712	9.9407262582256237
1.6224479739633491	0.49517444439078495	0.1760850806778298	0.024899951581346232	13.65	12.64524430039747	11.685904700616861
1.2740378420298271	0.47302383488209715	0.099659628665129577	0.025139411802355609	13.65	12.621813729923476	10.635348448266186
1.1002452486858352	0.57397928051043223	0.093427468857497309	0.019454595630078682	13.65	12.620805130034604	10.286346689673472
1.4184498575676765	0.41947742376602898	0.073880664181615319	0.019801384979100219	13.65	12.498652287863997	10.650311325615112
1.4770614808235847	0.50109929105119055	0.12009508569192731	0.020047177388346275	13.65	12.596253957846972	11.418689843534295
1.2196092391932776	0.51211942615810657	0.093333955894863471	0.013607365038180514	13.65	12.6044720941074	10.328728641222106
1.8513840833343369	0.43028715453205874	0.084537887536604961	0.021072275223939195	13.65	12.600740511587885	10.44161668551995
1.326620622387408	0.43408649302025104	0.083332856659969562	0.015503296222808402	13.65	12.576805619080229	9.6626298209419819
1.4374459370027648	0.48515122770595193	0.076680296228369624	0.019750833992184261	13.65	12.601470054447768	10.550134832696127
0.98244926371560271	0.3788682391865888	0.12114213504172007	0.016226914444063576	13.65	12.639942126434709	10.420104450175561
1.2790376912159773	0.63647565254383942	0.1012021297689414	0.029554653852475597	13.65	12.561553836945793	10.272347493060042
1.1486692309055389	0.62309657990978529	0.10845638841456004	0.017065446710537509	13.65	12.629185417442244	10.083930897252811
1.3430223318345036	0.45948571820390383	0.082895509441560794	0.016952570137131254	13.65	12.599952531904773	9.8436809219686694
1.7004863718623011	0.50595455068326711	0.096300635044964708	0.016536323447481259	13.65	12.591275253362509	10.526887903557956
1.4151467152747832	0.58667858570902987	0.059321454439574449	0.023019462995934579	13.65	12.601875416814041	8.5607633667101393
1.4923093031994064	0.56941336939856368	0.080223919575372823	0.019147394518811565	13.65	12.624427141744361	10.074916744886732
1.4785692840183799	0.53533258061415601	0.086109848544953294	0.022671918824201942	13.65	12.644305266730679	10.024731750743973
1.424279304650985	0.51728264441122873	0.19484763627921811	0.015796303496994128	13.65	12.580808278202563	10.321518325602034
1.3570165665082761	0.43856553155255551	0.091125109807784474	0.012868585029848466	13.65	12.62600240385985	9.6717181332933553
1.4962656136915384	0.50933669789264735	0.097757316370297845	0.017854778429414377	0.021316689480388201	13.65	12.570708444616905	10.747380586436247	0.128498766657417
1.2636869137122246	0.54923285461592941	0.098546008361522885	0.018441930662250337	0.0022439119241547301	13.65	12.464473218208425	10.023329492894526	2.0994686433956686
1.372493781651966	0.40601587471462425	0.054541080867462906	0.016676046969099498	0.00046801210556357195	13.65	12.37351880423159	10.081858525947126	1.8472994499452544
1.6576758068239683	0.60594318264539693	0.056293532899617645	0.021754852049712836	0.00030625954640504206	13.65	12.594728725825961	10.306134810556589	2.1490568487272479
1.2520549296078354	0.49818911504780067	0.10106831255728928	0.020050548480994364	0.00060552517493315378	13.65	12.589250527165385	10.276350180855129	2.1349136933236736
1.0126881113125596	0.49832949834488849	0.097598995552136178	0.013416434548302152	13.65	12.636951122449075	10.002512440504182
1.5189141091238829	0.50425205503375758	0.12933286243868974	0.017240101127065449	13.65	12.641456921249816	9.9589129369671578
1.0934328930329775	0.46416789006415315	0.069570566000549422	0.017364120180038113	13.65	12.524364833651084	9.6026354471287263
1.3081888669302251	0.50751359633070758	0.087193325244798933	0.022329605717076682	13.65	12.631186514394271	10.27789423329984
0.94850187912813044	0.56737587887060958	0.10543127395005693	0.02590266456848056	13.65	12.626846236570897	11.438440067296561
1.8576511025872309	0.41687108241584642	0.095587680190972441	0.016381513292369945	13.65	12.604076136077282	9.9503848201691198
1.5096460475681321	0.36852823147755176	0.11490851880438267	0.015400914783963106	13.65	12.631557982361585	10.267624964157278
1.4835856754463843	0.54072053390375008	0.13476195906847779	0.093756736141911559	0.014367538431158506	13.65	12.634797827099382	11.262283097517177	10.293394059512808
1.0163409529661243	0.43369404710466547	0.079501779363863628	0.015668061693797919	13.65	12.477124878455211	10.038506615383291
1.4874321482204873	0.52313932617693515	0.086457803692458229	0.021888087754959613	13.65	12.587774423111902	9.6191393595410926
1.2780879223730353	0.32515063494753688	0.094772325015848105	0.012832687227420907	13.65	12.588617551202203	10.431470708894846
1.1578820007787518	0.38695267516378229	0.089950887256969106	0.022622130173564636	13.65	12.575177691381406	10.091235723650216
1.4606078504258762	0.50882737192908056	0.15706132390665306	0.019042329300052039	13.65	12.647907596663417	10.512636711623736
1.0476733364447033	0.43439782618860556	0.084130123739005122	0.02288902875271577	13.65	12.628809006365115	11.182176219883766
1.1347393621823896	0.51845323374979568	0.093786038407488198	0.018867556797465979	13.65	12.503392505199267	10.536076905108018
1.4026946225100878	0.59116262750108139	0.087998791087072745	0.02130781036749917	13.65	12.588747284285166	10.339504014704625
1.1707283406207996	0.4865321014848728	0.065244478341520543	0.016349956220897053	13.65	12.547306485783336	10.020425220241753
1.4335579145991437	0.45482437460124958	0.08969597031615785	0.024434029960902014	13.65	12.573771607225559	10.748575581320534
1.3822643676630779	0.55345584958989902	0.10236302563345134	0.013282679177140978	13.65	12.623866101123495	9.8499392088128523
1.3652958780026887	0.41919129391736404	0.085907925777087946	0.021339184604349103	13.65	12.593857403949393	9.7724348083273505
1.2278544020140481	0.38880590866677178	0.1144795903927503	0.016134492966336768	13.65	12.611169993379573	10.286717185618963
1.3863802827500082	0.46818384574313537	0.080365022346113618	0.022646640831571432	13.65	12.632549009591262	10.265109215445092
1.3729207326693273	0.50545293091909327	0.08731903747130336	0.017947627684883317	13.65	12.599108838888284	10.439443040851369
1.5841678601772187	0.46695113608717531	0.087478052098478642	0.021029224292687738	13.65	12.586974359465374	9.5038096430357104
1.5393185265447884	0.41481905999030039	0.073948104828232233	0.016328695911913299	13.65	12.602675141396569	10.07387288194931
1.4534266883217848	0.61401419421404024	0.086159106483194303	0.014722130932000633	13.65	12.641831660750247	10.243954706502613
1.4258348622513033	0.48805081358598296	0.088979916482129953	0.017422475922716077	13.65	12.637000908468627	10.090671877408429
1.1910634276154315	0.39206703396436721	0.085015903378129642	0.026722334154076054	0.01455408853892045	13.65	12.542479720360348	10.035271827772865	1.5917563306056177
1.3240721902602308	0.4867714111944409	0.10351492994886749	0.01370484175394158	13.65	12.589304915080497	10.044242965794332
1.2374201822662398	0.56455896917248627	0.13327429030886306	0.016406036541967574	13.65	12.532347404731684	10.365676040950143
1.3495269539491803	0.42004235436836873	0.081547688475199498	0.028803195816095712	13.65	12.59430199698148	9.0537687335203412
1.4189674071341747	0.52407445820674325	0.072752352199275283	0.017173142704636119	13.65	12.58790052670688	10.396863647026231
1.5580008315368887	0.57494758940864643	0.089659006128804855	0.017273066177144643	13.65	12.647709389859555	10.347542597180183
1.3612112638457246	0.50152235401580181	0.11032927743712177	0.080824802474258384	0.017263760471371112	13.65	12.586115313585866	10.786811791035404	10.221926294266954
1.463495054176682	0.51754357379432392	0.10529278847685725	0.014640183161070989	13.65	12.61035769528262	10.439667353711185
1.5089028361477046	0.46111844541088454	0.12159505325091167	0.024554364127691766	13.65	12.548227503556877	10.679099529676272
1.4042561360632178	0.5272242230865416	0.052062288893000595	0.018296966686174882	13.65	12.628762410357249	10.07704094720353
1.4147653655776571	0.5278776213428239	0.094348339433557193	0.025309079168060144	13.65	12.626929652698443	10.237974506480247
1.397908323522576	0.47894142274874046	0.057575257895457338	0.016544941278098822	13.65	12.576116017041594	9.0036214828225596
1.209447762757665	0.4090464746770503	0.088129969602912903	0.014185772609994294	13.65	12.593163194266562	9.9715750613369138
1.4721938816440716	0.41544497402340685	0.10698910089039357	0.016576083489937235	13.65	12.616484342412887	10.078505678699679
1.5217008160748684	0.43188202759090755	0.11034375957873421	0.016754193744198086	13.65	12.634385152274959	10.237566226923974
1.6381116156280493	0.4932416407985436	0.053436074534821694	0.017615930209591891	13.65	12.622997649714936	9.4392768232530013
1.4733887826318923	0.47241184190360475	0.071498844692115246	0.023510315430967779	13.65	12.632671583710538	10.264933914075819
1.3221850392042924	0.66155495543681297	0.14979577746084718	0.017323396453806383	13.65	12.582817110041894	11.290587183061316
1.1687189374194025	0.43301001638387016	0.086197634346708185	0.021682571303496025	13.65	12.637944952331619	10.369524585033453
1.3615893420090768	0.45383333727947761	0.10534395802576343	0.019862306722529342	13.65	12.649345611748666	10.283231032372257
1.5645061700658758	0.4224229926577589	0.094189637290314293	0.012918753453410377	13.65	12.560321954266012	9.7416019692520841
1.3149770289930391	0.46808691346568082	0.056904351183338676	0.016046652632011063	13.65	12.575338613502105	10.234123790259442
1.3749909757760013	0.42202973744864508	0.1007897410817653	0.017044903717807109	13.65	12.648502698941233	10.370587083040746
1.3779138518400944	0.50376685915925745	0.10567283435645641	0.022561887140721847	13.65	12.626013413502436	10.241738980860282
1.4625061029578459	0.43669524368540369	0.073738759336683807	0.021785876243154673	13.65	12.622856901438773	10.316202923707303
1.3055131770230084	0.47855314619409067	0.068510799522045127	0.019985909576468716	13.65	12.491007331483486	10.016254654807492
1.3701209500190674	0.56339896716108162	0.11319618865082111	0.093758099225147343	0.019751213644730575	13.65	12.584732002269302	11.56249847474696	9.9358411728915517
1.6268981671448777	0.39876506158721753	0.14469894880120904	0.0223489993092627	13.65	12.614649164467238	11.332316717296917
1.3106292216625213	0.43360390573911956	0.095986310604534816	0.024753894688287214	13.65	12.582512232197384	9.9560387775848831
1.3690259510014611	0.47341744390527457	0.085585204871434908	0.017630547648800721	13.65	12.632667367851525	10.354389905175267
1.3668375321831934	0.54509678143595097	0.097303433827090932	0.020772768177923208	13.65	12.647644490012601	9.7485293273920348
1.4814840239796296	0.55628589407508899	0.1139024263699072	0.012867242209365937	13.65	12.625840249178248	10.340852769107988
1.3422826625492219	0.54097345119574536	0.10415578331819327	0.019202930791089815	13.65	12.54825564771925	10.342871371442774
1.734721587533101	0.57670525637203618	0.084779251422089225	0.021099405848563541	13.65	12.633137070998472	10.054711940061912
1.4310560787700237	0.60137313818726512	0.097006164492985339	0.023153989214890855	13.65	12.578638391034852	10.016911831106029
1.2596094011043246	0.56144952155204253	0.07594588312630414	0.018610974816080771	13.65	12.631687222199993	9.9906490595760076
1.2795332792066871	0.62280608333291743	0.10088034756295117	0.017651634716279296	13.65	12.608144263639543	9.9783814212013588
1.3288174668518	0.387414151797494	0.035826285004145947	0.018456291917637983	13.65	12.378473138716357	3.6271846683966169
1.5085336769125874	0.52682821854200368	0.066289627263517129	0.01354497853285196	13.65	12.629857765767772	10.284693271161338
1.4923664627880817	0.46696859295250703	0.092728236897764549	0.015121879578554636	13.65	12.601877153021306	9.7405251912977278
1.4333725606778764	0.54028312920299626	0.093749278886700413	0.040985100192973856	0.01606883069642551	13.65	12.568338393252787	10.073465304251219	7.7034777793225828
1.470653172101092	0.35263575407924463	0.064724914239076017	0.012158268300799328	13.65	12.596880957451546	10.30566642905697
1.3047563569463754	0.51648246375029716	0.080437347581786015	0.012618004679733638	13.65	12.628376078463793	10.267446553634407
1.2056820651274007	0.38503274724655967	0.11032101916122718	0.01584386439429324	13.65	12.486790214068302	10.598077904619055
1.3425141076345177	0.55474728015329855	0.1039294387594393	0.021538106216217358	13.65	12.616181184594595	10.266823407932341
1.3101805289810724	0.58850689483403429	0.11415337653515663	0.017100648118491324	13.65	12.635454777350125	10.219900969810718
1.2070426591351244	0.54542431614368081	0.14467104477207385	0.014727532009000724	13.65	12.647293156180138	10.54372194084068
1.4028056097586836	0.48371632278575999	0.084157914751390922	0.020098503463310859	13.65	12.367991695807124	10.263000032014835
1.0898540240842527	0.51128968616073878	0.10154981238206709	0.021771583523153545	13.65	12.615460347881088	10.336172081025856
