1.6726592274913545	0.50372625001304938	0.052430891834220845	0.021829041778532121	13.65	12.32782235257141	6.4004286298225157
1.6347873716298411	0.48634800874907286	0.089943061170463981	0.035594365993091064	0.0099736378746718458	13.65	12.491116844498166	11.071516657118689	4.2224477395222566
1.6789479628308908	0.47206162411681252	0.16446546631149028	0.021936305735224079	13.65	12.501567437077348	11.246095014720336
1.6824163800745029	0.39663992543800308	0.038420620163041715	0.025367862950646733	13.65	12.351146044576353	8.8261143216498912
1.2291259813159561	0.51050465448350546	0.08305883388736833	0.030819258459671865	13.65	12.295304361716401	9.9081321041206927
1.4296321445953366	0.52968283515645476	0.098980104573166069	0.024539669550843992	13.65	12.470677671700992	11.091771209853233
1.4650050033685134	0.34780049551008557	0.1461681927479824	0.028080204023667898	13.65	12.358085407810252	11.455974517563469
1.7925407868624144	0.3902757032249965	0.50108060481521421	0.10369477176765257	0.017573028033113666	13.65	12.403452008390863	12.317702596774792	11.276039700947072
1.4786420866400443	0.47345689272566727	0.095311333373323315	0.013936227549011641	13.65	12.498548002834383	9.8250082888547041
1.3557165248817553	0.36239362359275495	0.12421321135300317	0.021271357374656616	13.65	12.248163157163454	10.124507761483748
1.7602466039670785	0.53551787855486011	0.49129420419762737	0.11371781897896932	0.025894666331585086	13.65	12.442267059608055	12.42202839524661	11.509796434998519
1.7646839985588574	0.46770087589920933	0.16270168644381297	0.038143306337224674	0.017585262166013093	13.65	12.356671398820859	11.482872795492742	8.4857906556927176
1.496698370193817	0.50101632766811399	0.20972550179179222	0.013175459425140323	13.65	12.408487288835333	11.228514135071194
1.4262168249775646	0.5604760462677808	0.092139043017804914	0.013177388992201038	13.65	12.412844502832836	9.7993700862027548
1.4844623555471372	0.4195515218980122	0.086565873092903117	0.010432901866514643	13.65	12.376571622037931	10.083355907480117
1.7758445443007684	0.46894244646207484	0.046709815038080568	0.019376811493295541	13.65	12.361836709117828	8.4734662840439388
1.5430102507211525	0.39564356601201817	0.049837941079119166	0.01170765486439356	13.65	12.202493990333277	6.286695076570628
1.6974305450482448	0.55772530929767983	0.058405229361975702	0.011759021449453146	13.65	12.388182033613459	6.132716048166742
1.2897377842242181	0.45985692886653612	0.065125238178373235	0.007193070313125563	13.65	12.343171876008839	6.1336117782063146
1.4691283348171997	0.53302852356868069	0.069735735712829955	0.014600369114637206	13.65	12.430690385978314	10.031782999850156
1.5802784264916399	0.38114644267458336	0.096264708164721491	0.02530662964638929	13.65	12.349975645651666	11.162641478799015
1.2628736646823957	0.39067741917730042	0.27205423278478519	0.026199775895701237	13.65	12.475451980429344	11.780400959294727
1.6356573296887664	0.3227383433544484	0.083523316564857605	0.020892760292688613	13.65	12.386311141038021	10.719595127277838
1.628877884930819	0.45536607404654944	0.089101593899235318	0.018751453019037297	13.65	12.488867023098019	9.6891663049072907
1.5806495654778718	0.35274212720505449	0.065426286645748122	0.015421570725684291	13.65	12.347478288681419	10.159927290825211
1.5150510355052054	0.47719178216902647	0.16064373459865666	0.030802742124187512	13.65	12.498266046162584	11.472946074515376
1.6106666190871941	0.45914906210874445	0.12883574259935199	0.029432698436787537	13.65	12.416945628150939	11.197965610969645
1.5533307568081192	0.45042419262770772	0.058617697130668216	0.019524956219425276	13.65	12.355946880217823	10.139892744698328
1.4875519208641916	0.3349498362717932	0.089133972729485131	0.016992796523148519	13.65	12.300233667363731	10.605772914412093
1.417376040659305	0.50263101739228189	0.11861427438377455	0.014573995817404364	13.65	12.453589242959566	11.134098398267344
1.4986655695591147	0.37905017787421075	0.13026359048552297	0.019361768994056928	13.65	12.316786550544075	11.761605551240981
1.541372491779581	0.51749111289550287	0.15971447863740423	0.028839480070201033	0.024879358755471332	0.0092909100243056021	13.65	12.592258761272809	11.382227301509602	6.4953970827552494	6.1217508546632873
1.3995780678379568	0.43942759953828803	0.027884797310179163	0.014382293333346223	13.65	12.235659347657529	5.6897932861580234
1.8143935501929191	0.4485744146866521	0.039060886619970231	0.0034482726401573374	13.65	12.320434471685084	3.8853629214906764
1.6457283168727006	0.41245427753501274	0.059427693814833461	0.014426418995942485	13.65	12.38010225214104	5.5631920169445364
1.6978932242857117	0.43712597341066872	0.062125725705891345	0.020008364691449836	13.65	12.127567593443596	6.0419126347945458
1.5460234831770625	0.3853743187197699	0.066263160885033659	0.012074341813584509	13.65	12.466375120794964	9.9090712202268652
1.7834367765786852	0.42158869575522334	0.025959699194879508	13.65	12.351116933311543
1.4904598623868885	0.40160088920035475	0.037508095946974226	0.010114844867756222	13.65	12.349034436173007	4.183248567589656
1.4735180007119328	0.44054918157922257	0.035245458645749274	0.0093890189309199061	13.65	12.359479703489512	4.651334136763273
1.4526837940287394	0.45582386750729381	0.030184758771976395	0.0036362182491217784	13.65	12.350124935902683	4.1953144052261679
1.512169638994773	0.51004524029302534	0.11963787678203136	0.025129510482844297	13.65	12.497195167609393	11.344010438594529
1.5716770221151661	0.37371355284812713	0.09797955361084601	0.016057967204509697	13.65	12.317962105424407	10.036256498182114
1.6057942720519252	0.4491623795430057	0.049342957944128983	0.0041955181278142198	13.65	12.397322138057348	5.9705424434107153
1.3649230525480831	0.51372640867268826	0.074819304913037732	0.017092577971618051	13.65	12.478391426943988	9.8763532098327804
1.9914611474310928	0.3989420984014071	0.023526911186484537	13.65	11.792744616033891
1.7347191181514972	0.36497046260431948	0.17967470473822586	0.026853530889064534	13.65	12.447673460381321	11.421546208962466
1.8421901705242429	0.49930806095130997	0.071890616456401296	0.016469623433287756	13.65	12.387167644259616	9.8888569763548375
1.8127387895955673	0.43934378505508209	0.15887122046573179	0.017658533824952381	13.65	12.509349936852642	11.247310703326665
1.3902418508402046	0.44007862239956669	0.090150692388911088	0.015019301101067523	13.65	12.291718612222043	9.8449571367460607
1.8043116829077726	0.30841505593759927	0.073417377199656852	0.015183793758607247	13.65	12.474378150413385	11.208031615827723
1.9132718957264268	0.39972390269195535	0.054515435626988282	0.019851736329677606	13.65	12.35284679078719	9.8998053231878327
1.4981298278410538	0.65154673827479659	0.23069276441897732	0.022716296795056247	13.65	12.490593036713854	11.491383380974414
1.471469579431308	0.4182415798821254	0.16794590013819882	0.027985406051255147	13.65	12.424732292211628	11.231679490307716
1.5462297278276274	0.63548445555119537	0.12095903008278185	0.018206441384048366	13.65	12.500607119907613	10.231545148619404
1.5055586391038771	0.52274364402507068	0.14029606816367915	0.027657506892517881	0.023360783023222878	13.65	12.644906142459655	11.493800788208135	2.5452269625887691
1.5448645122882816	0.48398997269606719	0.11150851547175976	0.018535028325645742	13.65	12.626482627522041	11.466668848104979
1.686526166216201	0.34530212444356007	0.14224263539633761	0.019477695704490986	13.65	12.355087359994243	11.465834188827397
1.8836236560964992	0.3929848965730503	0.087900740088940083	0.019626200379546963	13.65	12.31522978947093	9.9222452830970926
1.7956479296072163	0.35252497293034524	0.24519253377548075	0.02414177468381748	13.65	12.45728495302286	11.47703943125291
1.5453802603120275	0.51690536669783926	0.13927160215574555	0.022691589069336823	13.65	12.326334832587811	11.476475238305303
1.3928577396737354	0.39238769780317373	0.11036221269555468	0.014814215698064329	13.65	12.385217383305614	11.059006942763997
1.3635602262848421	0.55956462185921607	0.12758655737557709	0.015164952143308904	13.65	12.48008158011166	10.902580278570159
1.8665737144579806	0.44166400138106182	0.03921471163859299	0.0074294584052407879	13.65	12.352357528133318	4.6648160017610136
1.3959147403801093	0.36362527927752814	0.029314836819840009	13.65	11.740783757925115
1.6861726096914742	0.49955598619913516	0.056783176878569895	0.016864335150100603	13.65	12.419685539510061	9.9120487942937352
1.6768983196769836	0.42402494657155565	0.04697159636998402	0.01713882941081744	13.65	12.159719777310412	9.9590460973559711
1.7093297973299122	0.44609775289603704	0.18178502362682447	0.024466524898318024	13.65	12.484757041843759	11.746940741998662
1.4112166875317906	0.48093572046933919	0.13620399427920402	0.025219627252801771	13.65	12.532881227797478	11.410698683290656
1.8385026570405973	0.39412803342545727	0.091403193689649886	0.024104793876307633	13.65	12.342527133052116	10.054349324023647
1.8513622346034362	0.53738538655050194	0.16352447333060288	0.025375857548208078	0.0091185441708446398	13.65	12.51144070740162	11.4108206380378	4.1357043179740165
1.6506679653491036	0.40744066609266155	0.10936915949476575	0.014990323123689524	13.65	12.486848886350975	9.6246639014290221
1.9651482606290864	0.56427280318842221	0.076249411417681462	0.022579258777634049	13.65	12.46089249148363	11.343049740025918
1.7211590426677101	0.44377174391608037	0.1513528662805069	0.021233017867047534	13.65	12.48898221374691	11.403536951421788
1.8462236530414089	0.53188123794806352	0.083007974043556407	0.025845623727447073	13.65	12.382565326632056	11.173776885849188
1.5678981378073811	0.6152384887375788	0.08511268795980223	0.018268321156759481	13.65	12.349121717685843	9.5860659540326676
1.4330469545275157	0.45271483782757632	0.089282159416308571	0.015983278924178383	13.65	12.517079173402205	10.179264917959214
1.4890046096489145	0.54659172878886253	0.12331116044836046	0.018613877158498316	13.65	12.479426000818224	11.432551706243526
1.3292945949694994	0.45129034830810338	0.11110194656753526	0.014011997968777173	13.65	12.491059642418522	9.9079474061451602
1.5197993436131412	0.34485954948436243	0.086137431631594208	0.018010250084219425	13.65	12.497468486729813	10.780948135834752
1.3090812777955401	0.3854271480440567	0.12614640589305084	0.021243246866791573	13.65	12.27920649503179	11.152100089500932
1.2524855284803869	0.42692127498883048	0.093772123045678418	0.022584380472643547	13.65	12.347881568864461	9.7746343810347565
1.3908687226372105	0.52496395696840004	0.09719090317464224	0.02070518041597854	13.65	12.322856510309865	11.236769663123459
1.3929263392966453	0.68784979370818833	0.13722980557830791	0.027184708333203262	13.65	12.474241316198482	11.407890589341619
1.6626145550605858	0.39168446691485431	0.087268843166257368	0.018414120472829577	13.65	12.37791947471456	11.140538755023817
1.7581396925572004	0.58110015648101521	0.061303194672649296	0.019479058565374428	13.65	12.427692913330617	10.268505187372897
1.6775592636909371	0.47006485901382306	0.08177537275976704	0.020031622671110617	13.65	12.212213632377217	11.111445066088846
2.1422640885963884	0.50396707294504983	0.074360559588780267	0.020108811941663172	13.65	12.409631459599687	11.206321476198557
1.7897713473529941	0.43497665512850203	0.096072558546487927	0.49304944410709739	0.021929887712457651	13.65	12.383537255369641	11.536989952238729	11.468902795894365
1.5985969870261494	0.43533078291698835	0.14467819307764357	0.019759253238105453	13.65	12.260245433957373	11.4924819153679
1.598156563629288	0.40065485956564117	0.046105604937177899	0.012822193424994771	13.65	12.324516746081899	6.9111546456366479
1.59161757279796	0.31196446815387768	0.021084528838159297	13.65	11.439326976385791
1.7701596618738262	0.30860763685258813	0.027152657175217833	13.65	11.433672445397596
1.711979091107894	0.46824678816768339	0.054801068173001836	0.014339985911771522	13.65	12.382421448907666	10.045025129639152
1.6248053717531574	0.44317094307530297	0.068024800336116326	0.034218464091844113	0.0052575296022474701	13.65	12.408208212165203	10.189329169129808	1.9328182821148849
1.870718968608986	0.48364982012925312	0.047429960778480454	0.028396703398613089	13.65	12.115194062607829	10.043501643602839
1.4355578293609328	0.44980880077845159	0.12199361604465582	0.019067349636856794	13.65	12.303211113815983	11.475911471827603
1.8026827647804664	0.40872782468005647	0.050107746303686161	0.01367950042808687	13.65	12.383262431077565	9.2613921650322393
1.5575345565668659	0.56462016492321465	0.12990896606158089	0.017583718724305357	13.65	12.46195757650845	11.444214653976777
1.6386953013350563	0.40471982447201382	0.12235410580329949	0.019888231514117092	13.65	12.470477682096186	10.781333221602184
1.6858863137748383	0.43969755313693659	0.14603854354140239	0.025596642559596906	13.65	12.291549326358473	11.473588993652553
2.0201298484217816	0.49585720826608681	0.13163088598090758	0.022513782108853592	13.65	12.28923569517589	11.251924430153299
1.4118503033689347	0.45635604626163984	0.038999602875583218	0.012324344449192465	13.65	12.467836679846997	6.0670480286648472
1.6152836372028487	0.39965560479580475	0.060095685089153465	0.020332558332222597	13.65	12.387433686616061	9.8128936920986032
1.6135280860683663	0.41647090800787878	0.057614814228566014	0.021085715096168339	0.0096438180135907259	13.65	12.335383735641596	10.34662516521829	2.788798637553743
1.5571815134904186	0.5457601604964698	0.074409106544401415	0.022950751163252157	13.65	12.487563303592278	10.283900651229795
1.6788614545998526	0.46902497443632929	0.087112176201758984	0.027619641669929678	13.65	12.382146689529529	10.783767804839943
1.3289098910079777	0.45393723490631727	0.11608451907674559	0.019914087606149766	13.65	12.416530591387918	10.900481939378249
1.2426157451567961	0.50577017186360829	0.10021221138328185	0.020077408652678035	13.65	12.483145823794905	11.241412733249689
1.5309805695412166	0.48094313708816605	0.064464584522902019	0.018693309083049583	13.65	12.409108342529869	9.7766250735262012
2.2464051775311904	0.38560228006128999	0.079488429342697009	0.022380051211771858	0.002449921745255925	13.65	12.478197835438742	10.198053355268469	3.2031411436195802
1.489955689652896	0.57519640110341363	0.1295233515321349	0.022608602599188277	0.00059869409391092795	13.65	12.469937837665769	11.445855870881601	2.2979209786614385
1.2917145077320322	0.46374945608673707	0.24032152530685819	0.032922966129764697	0.00046774422774498089	13.65	12.491357730326893	11.784309218940523	1.9748283003188942
1.7942586344870926	0.52839866524221502	0.095737358686009064	0.036621978560093249	0.0033612569887566377	13.65	12.483953554528869	11.481022458634463	3.1073215218506589
1.9054899847147786	0.31182790631852597	0.022829364962049882	13.65	11.487670290458492
1.4142212961203016	0.42605335952538115	0.12084049289799532	0.023166972700648786	13.65	12.40098347584882	10.845694714589072
1.4908132382154129	0.44526793167728962	0.1022988619989451	0.022445867738794294	13.65	12.308244393548467	11.478593782472268
1.8706777129531142	0.54406551904584532	0.10678720540529159	0.024257602011835903	13.65	12.348178393023957	10.730124138916882
1.7170646845093109	0.53359737394967521	0.29217942801948998	0.08180259059486128	0.023767115851877536	13.65	12.623815539063663	12.367798097878595	11.277043644400424
1.6014005562259255	0.49994138892496004	0.090134230306371355	0.025378646135207739	13.65	12.477091177022247	11.61177106412827
1.4574032952155875	0.4008267911684964	0.049653833884647364	0.015904129155086932	13.65	11.990258835758095	9.7310848325794357
2.0899414385464388	0.41996820960107328	0.14692313314835032	0.017478911508068181	13.65	12.486835328803716	11.170266280715417
1.4352017525298761	0.59963124640381116	0.087383372514336477	0.011479442634251893	13.65	12.471153411567279	11.466396327239458
1.7328001500400485	0.48026598280558569	0.14478417786409659	0.016194807095637739	13.65	12.264337112436248	11.752470806117955
1.9886551926363774	0.44616148525514188	0.061998567231532256	0.014531576511428538	13.65	12.375832669906375	9.8704864709650408
1.4346906847621761	0.41260875997112334	0.042790630061097526	0.01616046604960503	13.65	12.018479958436467	6.170435567228882
1.289067588611035	0.45975710027926742	0.065168780012216321	0.034119107079425622	0.0061015080316734341	13.65	12.362253405558086	11.293474994954938	5.8484934682922347
1.2432474783998428	0.45059293287758972	0.064817474786760809	0.018671314330308199	13.65	12.301355208206132	6.1436452036313556
1.7912607114542782	0.41005095760235194	0.034990462289997269	0.0064355342931553356	13.65	12.346586746480337	5.2902003014742593
1.4561993170149119	0.40559306962379305	0.099958152642931689	0.032649447167214872	13.65	12.303030813547737	11.04060449531161
1.2283971079184408	0.43586894190324349	0.046843177806475872	0.022343925326613185	13.65	12.350175875054752	9.6601345708712607
1.754662081153733	0.36995578312202065	0.24166901062773877	0.023804445426543475	13.65	12.412851123750807	11.462154324779659
1.6973254925693524	0.42214535295092409	0.060232184999462444	0.015033220562532236	13.65	12.486525357480792	9.6712008162299696
1.7837389298564532	0.25333938399355443	0.021218266608364345	13.65	11.468642916761011
1.541997229229962	0.39216669612399685	0.072285941725681577	0.012859493159951146	13.65	12.32727506871259	10.095635299699014
1.6300381009367575	0.4686759609689749	0.079444943658298531	0.018447565642881619	13.65	12.492616399994269	10.049922021917833
1.9827644688069643	0.56684307894199482	0.083244064637131188	0.013844516534333962	13.65	12.485727048155971	9.5831278006703329
1.2444324094073211	0.40546413706684303	0.086896841161297103	0.017184256802067168	13.65	12.493968460595099	9.8416264191519058
1.5437546743220645	0.66582895092899608	0.13444039414983103	0.02294134612142042	13.65	12.638341777953467	11.437703751234277
1.4343602261930712	0.59466103410549709	0.071760461111750953	0.01597397393155639	13.65	12.418041481285988	9.7623794610409504
1.47189389768888	0.57413682407199784	0.081414733735412401	0.022866584864250715	13.65	12.476060745010862	11.198925082238802
2.2261499532789673	0.45889792192567858	0.067747075639947515	0.019986022917487255	13.65	12.355710091452915	9.8140828152245287
1.4003693720710579	0.58796750256294716	0.11710748281189826	0.021130123306573757	13.65	12.48724041696827	10.334290459249686
1.3917409602930835	0.47851358079044393	0.15890913439719104	0.014975965161195174	13.65	12.613656041517912	11.381353447809252
1.4525156781684478	0.40358794882167343	0.230722336951102	0.094474112724790574	0.021727621852960469	13.65	12.473432099638581	12.177020044070678	11.059572737762947
1.3006018130852259	0.45860660384408231	0.34499957910982221	0.023328396024821271	0.0092949366809738504	13.65	12.646647107876145	11.70463872653381	4.682977667277946
2.0046049982991754	0.43319366995011271	0.084889278462464801	0.022880938414223138	13.65	12.149014831499533	10.044105587339216
1.8341358578646993	0.36184081519785616	0.036213219703618113	0.0041547469895674731	13.65	11.947182668946821	4.7111917872885973
1.5637355157893811	0.49000823157681955	0.040566971460546351	0.011895312685728639	13.65	12.39008937154189	6.9642314577897331
1.4606824965295209	0.49950591696858487	0.13569501850148369	0.020709252439427943	13.65	12.383103862343823	10.832478696105225
1.8192321685008666	0.43371308882916387	0.027947713392589842	0.033150404275241761	13.65	12.238808453209149	3.5374117165860253
1.6795399437753802	0.47712392085074096	0.095515966413499923	0.021558834200685783	13.65	12.337586828064151	11.057252812065677
1.4553797880965573	0.4642809414811937	0.15341540859466957	0.018243790112985502	13.65	12.455402788007877	11.407429475549584
1.5100113349838631	0.51595358407824721	0.051634095853837512	0.010934139652041463	13.65	12.475005220546153	6.3552498980059191
1.5813452188614565	0.51181554552406905	0.060756051154878477	0.013444185584701425	13.65	12.378640317668701	6.3184686849568514
1.7808668750393148	0.54127783606633195	0.035705847806494717	0.0087904487940413407	13.65	12.248834299941802	4.6955614591178012
1.5589420503689275	0.47013520852338825	0.064008346174129427	0.023121899655412885	13.65	12.445098188947439	10.254472170635314
1.7977808627038907	0.46869091316171296	0.21548522269839049	0.020847452214194543	13.65	12.42697801252349	11.437311543727597
1.4513737892645326	0.41702074359784125	0.041534979054172701	0.011713817557040408	13.65	12.386521256672614	4.4365631864644799
1.499915413594519	0.42858976180756297	0.10336943409993782	0.017139478828822975	13.65	12.361841108016117	10.833695528236051
1.5489583545800902	0.45000133724416808	0.1102379955729173	0.021181868645181637	13.65	12.170059964827146	11.446040736786776
1.6207443302246503	0.53596295754244161	0.1319543991712373	0.023531147543656435	13.65	12.518069237111169	11.395987469247109
1.6431761196470043	0.56958992214160931	0.10831568920133737	0.017134010948852363	13.65	12.463155435805275	10.681433172048219
1.5956209477553833	0.44617235680458101	0.082139179272818288	0.015469132410913496	13.65	12.314970417296504	9.8587189571868432
1.6221780339574632	0.42786930877028717	0.13427153651492063	0.017483653278001957	13.65	12.388630875576357	11.232221721368811
1.7317985849884003	0.5225114155934717	0.10743117517209468	0.017628250491009554	13.65	12.482018743223202	10.83775283035154
1.1914669228683215	0.48337504549899052	0.076785887777190698	0.02189456233102902	0.0080789142407194856	13.65	12.483411101990633	11.458650794615714	4.6274693069398776
1.3776104467056092	0.49751028012709986	0.1770270649899317	0.023198205570801666	13.65	12.474064423092898	11.581217640144979
1.7382161786699926	0.40896465991199837	0.11669662931258806	0.01954603917927504	13.65	12.326326687814674	10.138591445113827
1.5647207868974606	0.58924330038317818	0.11629692832415153	0.018564517607989318	13.65	12.446436853385613	11.489802479934923
1.0408604165199449	0.35073413597206704	0.089014747005542474	0.031746110535188991	13.65	12.190139429453055	11.583428777779837
1.8573267892713818	0.51338061950668457	0.097681916932901139	0.020765596286699214	13.65	12.477408642072229	10.198848893581095
1.5663525084116896	0.49816677361558892	0.096312455552119494	0.011221846734355299	13.65	12.448301136032265	10.947690530885541
1.4985704073178061	0.41779214633631423	0.054874537214183887	0.012029920069819702	13.65	12.327905697032225	9.6203339245395529
1.4995183732529334	0.56104411273384058	0.23355168402857457	0.021192519200497084	13.65	12.445701523473574	11.430840497177542
1.1255451297915966	0.61597995355149582	0.060991888654564862	0.016670844283368673	0.01102820335302686	13.65	12.410499466712411	9.7776451479840745	7.3611230056070296
1.6711040316339478	0.38484436018997281	0.099795839493979285	0.015317366467099566	13.65	12.41463747421469	9.7338942087158618
1.3431465116413177	0.35476647888278184	0.14327576639204662	0.021392682026576348	13.65	12.478887754877343	10.898360528922007
1.483270281369067	0.5051535180224771	0.14929204322799844	0.01817931917815515	13.65	12.479110045088829	11.444130322964666
1.4716499704464121	0.48036207398009495	0.14658958406087327	0.019355059983644396	13.65	12.474177600846376	11.420007941342867
2.1307186139479515	0.50135282523670532	0.071380732388850288	0.015112578330798205	13.65	12.10953650006428	10.264736135788278
