1.2405487347969648	0.49312743346624605	0.11158369755745444	0.017792927661369706	13.65	12.337300899995373	10.6722991585257
1.8902631456525598	0.50977626860036551	0.12953961335028674	0.020785139561275121	13.65	12.530202980230969	10.345656195554454
1.265832833895292	0.4451225322218787	0.047486810206228781	0.0099581126648901168	13.65	12.055609256372406	6.2493953752417681
1.4850720894862401	0.40850938963377953	0.044579303956839865	0.0079084184138753424	13.65	12.094537052099167	6.8802257268159659
1.5153802018258995	0.32855965060841691	0.047031779841357785	0.0054265033182350816	13.65	12.100266653597814	5.3374431031048646
1.8456687487801759	0.45688942691606332	0.04771805537300982	0.005347367327150597	13.65	12.066680848078468	6.2147024453976769
1.8891656997054884	0.42145035048116319	0.038977252330147802	0.013286980769241738	13.65	12.09167499420578	6.2272118525005364
1.6348368690300197	0.3882061785314746	0.046112638499638182	0.0074326197726439711	13.65	12.082774897750062	5.7993255536548691
1.7434241028105972	0.42815605000487966	0.057598785694878307	0.0113848926873932	13.65	12.010896780404103	7.129630580045875
1.5932165775687408	0.4934396584172322	0.10416742881876646	0.022098138076822642	0.0099619510801682108	13.65	12.218797605572167	10.399584471034373	7.0206128088915198
1.7242514127082365	0.33468613321230467	0.053484102518603506	0.010460770659878941	13.65	12.061934434621008	5.4724914606499642
1.9506374472064183	0.50107181477656215	0.12339707817568582	0.018516966417477888	13.65	12.395746063802671	10.39616596828402
1.6213581243793689	0.52416239772621942	0.11641503604868769	0.015193316712040899	13.65	12.414210149194037	10.659695072847789
1.3099501974847454	0.49424047262637527	0.16342477967187241	0.014504483067757683	13.65	12.487396937591656	10.325226023816471
1.5025421974983688	0.64836587395494083	0.1010015842931995	0.023416288603488187	13.65	12.446163899010516	10.446836670252102
1.8278683123118682	0.36731896295141198	0.024639566889105832	13.65	11.945317916504056
1.6217158379063217	0.45166256087972728	0.038451840683163631	0.013455766932275653	13.65	12.0883468410277	5.4875991577619319
1.6000018913026355	0.44504645685483807	0.058173435393376556	0.0079512247526277099	13.65	12.044460183381755	6.0782027105896814
1.6997298154001894	0.47461331617606844	0.037531286892334037	0.0088371619318463081	13.65	12.080209402593617	6.1402017759545195
1.3138672709185899	0.33624211835182122	0.039599866252929557	0.015886718575277632	13.65	12.062987550201219	6.724767660053244
1.4272582664019795	0.35918010644006831	0.076656130332405648	0.019169531287237754	13.65	12.097229375273308	10.205724072233753
1.4097556316910009	0.51949465400732486	0.059022264511365906	0.016785450467002326	13.65	12.10079982757293	9.9335597416850465
1.8041687205042356	0.48686992716547289	0.03714300760139027	0.011441255903735806	13.65	12.114712152055553	5.8507696870414518
1.5315759417184625	0.36418623962787805	0.094944290678637536	0.027110616181107682	0.013086165287759152	13.65	12.513210011795461	10.416107937219014	5.7172400330820885
1.599140554271824	0.54822077882178522	0.10063695859394277	0.016034999132579966	13.65	12.322394692031793	9.9709660829639617
1.697884809723037	0.49795030522638023	0.14335035863935072	0.087424381825158423	0.019412492019005023	13.65	12.598976063887349	12.026189650866012	10.372443888963639
1.5916563742887404	0.48751581769712454	0.11961849536916548	0.018676882460712425	13.65	12.404155868013508	10.301893685937575
1.613497216624258	0.41721771935468333	0.055512985110442045	0.025666004987483931	0.0095468706463639978	13.65	12.06703119606822	10.637555849466892	4.5225371134787542
1.5241771810979952	0.37977557243277188	0.049650063498578874	0.0093896725361664306	13.65	12.123024734344511	7.0659738188343528
1.5917336478045034	0.45767475409993524	0.16368069162455351	0.058029131480443835	0.007436910405885463	13.65	12.432112612121431	11.865219016872123	6.1264632155686982
1.7468989861072814	0.3515530952009176	0.079831739572580815	0.016943002657312769	13.65	12.397071305263189	10.619490430865136
1.7677106002113407	0.49045812347672457	0.10123728362358519	0.015659179086147862	13.65	12.323278129997291	10.489812112535677
1.6498742602688776	0.5884909254517543	0.09073565007010384	0.020072609187684241	13.65	12.068065206509473	9.6626677342283518
1.4542294928860879	0.55189524772247545	0.093096599874968364	0.042083788132236052	0.011428320646334885	13.65	12.313005112395171	10.568425209489094	6.0860442581509426
1.4180567114629468	0.35835905508966315	0.12699950375639987	0.016965653689290244	13.65	12.466217257547562	10.717573774027207
1.6406675640947594	0.41485509556034883	0.11170976193950755	0.014029617826157635	13.65	12.458632570936624	10.308133125824931
1.4371704499567082	0.54134811536136662	0.11644171338811737	0.021679691602785163	13.65	12.097404806269378	10.63133068073185
1.4662701118827657	0.3281322773848796	0.038188592991218011	0.014827187434751043	13.65	11.942369865050086	5.6588628080941188
1.2876593446159061	0.35492784563187502	0.10792672801888155	0.016556641146259755	13.65	12.335218964818159	10.212462948948771
1.7761365906600401	0.41726199560607824	0.10315487356155392	0.015930958699013783	13.65	12.479552284820373	9.9112624670333052
1.6330466988023304	0.38211412805009121	0.081462406257160336	0.010985331634810268	13.65	12.120417525493735	9.8355123716743904
1.7074217535464979	0.30225514251045776	0.14678314805786957	0.027445256548272741	0.0060775159379473434	13.65	12.09922840846359	10.474332489278556	6.1025829685884023
1.5758917930687899	0.45231292154496244	0.13426224315211613	0.032397695724028008	0.013073176671829299	13.65	12.325366451274075	11.58359164767031	6.8452537310639299
1.3820804404304896	0.4311821792111456	0.033316386642277006	0.01155334578353345	13.65	11.935643525597277	5.5053421540266863
1.4363504950446184	0.4787242227594336	0.045733530926985511	0.0098301102269124085	13.65	12.331489276071167	7.9973079708711987
1.8087822503164943	0.49148093474163512	0.11566563518180505	0.026541627204224351	0.014959780230848044	13.65	12.333580454174173	11.789098071958284	5.7892885914514016
1.5994253563225465	0.46100408254907727	0.10581328824623926	0.012378329414708037	13.65	12.236269567901301	10.416475943606322
1.351997785062341	0.45981198047433114	0.067320676900419138	0.01855678280442816	13.65	12.107562955155828	9.6710117485880751
1.9216550477935688	0.45823840358233475	0.099319068661126178	0.019223701162258387	13.65	12.344182502370431	10.399739642850385
1.4319401188419429	0.41467028104926451	0.058922012522425536	0.010809271852773817	13.65	12.07444151315296	10.236553995559321
1.8016913010385223	0.5171349391015122	0.11578716416120542	0.018446613826674743	13.65	12.457935428216295	10.565427266952591
1.7513949930668726	0.35667797541261792	0.10058882072299842	0.016256125234063119	13.65	12.276145919824348	10.51067202608696
1.5991220979691327	0.31952232860792279	0.099687631703040541	0.019697059269735265	13.65	12.088013306776071	10.627488056541921
1.1241286742603767	0.41713056486639782	0.08664026720087574	0.013057284902696472	13.65	12.413141864147635	10.256887594281748
1.7019517980562855	0.51700374798350612	0.10286090454309652	0.020388592458031804	13.65	12.320455002781459	10.590728061208029
1.6150284999203395	0.38574720922810513	0.14857721233351295	0.015834775198821656	13.65	12.451254057302712	10.562580465738183
1.8469796627199984	0.43906621500299925	0.22866589337522161	0.051130809226012985	0.018004090967850318	13.65	12.634720379998074	11.944283041559363	10.324962811207275
1.4516052350899984	0.34943241380062962	0.070849180175668963	0.01339540794312797	13.65	12.101082485752073	10.048486511077428
1.6712642203946293	0.54498213046875954	0.09488429475840969	0.018925594073910573	13.65	12.464109042513808	10.327524097595086
1.5843499829685643	0.36616349875935117	0.10554176312061812	0.014849653010898025	13.65	12.595589926213872	10.609772675505859
1.8644804641601147	0.44952339443276607	0.056278011144897229	0.0052676036573219235	13.65	12.387651606273531	6.1122801987717628
1.3516222288389059	0.41574630111251598	0.078466198483249802	0.016043433484163108	13.65	12.0959895918207	10.22506138777651
1.6572111192179277	0.4554501979351489	0.10916240273081206	0.018999008869358684	13.65	12.463203979700035	10.331228795709997
1.2785270920043323	0.4910119961914346	0.045831996286826972	0.0091177824748088603	13.65	12.066508180326265	6.1814075546433784
1.7941593360774877	0.46067904640017732	0.11236066873640191	0.020168786572085474	13.65	12.431824054939293	10.291267814897076
1.5075118589707246	0.37353888049334194	0.061212505298969794	0.0085198084924567822	13.65	12.101026380558331	9.9214059970533786
1.9465318185561908	0.46470574562980732	0.075266379421639606	0.019546945393608739	13.65	12.10083722577842	10.406192117481112
1.9483509668065049	0.35674127617178275	0.042938598025321975	0.0053176343865606471	13.65	11.960257360523034	5.6438696920506493
1.4018185049456613	0.37651576529315856	0.060826636139492567	0.0038713726063784796	13.65	11.921452599790491	6.1382166690766962
1.4060292682377318	0.50555165464607155	0.039689623044687157	0.0040270965145891343	13.65	12.076660148420029	5.9153701402983758
1.9480090789632212	0.33152125869393972	0.050671020969290013	0.0048294558233236131	13.65	11.856763963197325	5.6155485917037016
1.5603950344251887	0.38706753095065999	0.038955923558637508	0.0067003134835869329	13.65	12.18269770866544	6.1988453960637617
1.7751012315332522	0.34581799367949956	0.042991244519430989	0.0032399651470488228	13.65	12.129227692360741	6.1273519264498475
1.3464670939128958	0.52424262571924773	0.045992062994211984	0.0076958349502861713	13.65	12.084081613731204	6.2207763779153247
1.4038678560299085	0.5195253303386852	0.12498715514651543	0.012748830932763151	13.65	12.337742839540592	10.660202881409031
1.7347725098324958	0.3973897220886306	0.10060848323319008	0.0090202278619706949	13.65	12.09354428331935	10.511912712877265
1.6558657928179918	0.29863407299061678	0.10270260605578677	0.016347159941314263	13.65	12.225768377589759	10.708718447835546
1.9788243275200916	0.58993869967528068	0.082656825634412526	0.015586596524968516	13.65	12.402274401112907	9.9257283673017742
1.1759757938003355	0.45651257552328678	0.092320407330548623	0.11083964581403448	0.016829870595182636	13.65	12.058431714675109	10.905705304614596	7.906146832968064
1.6886639715442373	0.47145079878949975	0.090796258280256212	0.046463286865217182	0.0054515143322980417	13.65	12.103789752059145	10.262018354678341	6.2486885349530166
1.2169236358897091	0.3570496471652847	0.030951484900686416	0.0049326894916995045	13.65	12.096652400711642	5.5055854399386011
1.6142178368649955	0.37777026916388884	0.045436784426270298	0.0061403393427282823	13.65	11.898409009608745	6.1230711106062348
1.757541575754499	0.40306476625313525	0.045848506679300072	0.0058816320083358948	13.65	12.08732282599286	7.0670664681803173
1.3341936404075565	0.34875417506568784	0.053556423586959397	0.0052558949231140189	13.65	11.952412435588041	5.4553618899503453
1.5692575886133819	0.35860150935294771	0.042354988201423971	0.010319201614629771	13.65	11.942052449770294	7.1597899989534408
2.0326873637788867	0.31717313292602861	0.036833101417268553	0.00411259304951264	13.65	11.914574601518559	5.6209358317882581
1.366140040510738	0.45699999195123531	0.042855172425001413	0.0032563069050908964	13.65	12.093033111975705	5.5280695039547432
1.7007120088541445	0.50187479791306577	0.049542326541787855	0.0073654457239511464	13.65	12.059853787126247	6.3539417744527809
1.418818442287197	0.4162692759504576	0.041912147322847128	0.0049844522832730009	13.65	11.946375488283037	6.3284849949710376
1.4076064974919442	0.55573512030528938	0.17516183695335016	0.039289147435694047	0.023147595737615885	13.65	12.493003128228924	11.838556647035041	10.421269438851795
1.783293473669274	0.33103488646868368	0.036038993135209328	0.0047189975592293104	13.65	12.007311310817942	7.0842150603154792
1.9177677995251139	0.40369266310932111	0.03890129869542984	0.013575437261887162	13.65	12.089131848353592	5.8819087860491592
1.9331694813153586	0.3616239184787664	0.086292571656502032	0.053208224616966178	0.011368199782036077	13.65	12.106260069702078	11.529302251570055	7.1413264353523838
1.5831397692099083	0.46119347527656307	0.05922504263779841	0.0055270491250707073	13.65	12.297754795686823	6.1961042767003507
1.6895723681577346	0.42576986418794049	0.065409796844717857	0.047452580744228257	0.011241341519469088	13.65	12.123890729450078	10.171155446070154	7.1426036122806531
1.3976352017687872	0.34439616381805294	0.041313448446927838	0.011158263107078337	13.65	12.069548051440377	6.1792316396428539
1.4283126799920522	0.33100673575181838	0.050439984940481138	0.0053332058477354814	13.65	12.097989033222792	6.2494276623491753
1.1742160903947094	0.44358916014270811	0.033355736283307777	0.012421011418787356	13.65	12.051606542180606	5.7851442227978849
1.2382405952565725	0.30167392241047442	0.027792721527613817	0.004002598066741107	13.65	11.906980292035488	4.2880052753493869
1.428605694024093	0.39144271852798079	0.032326598617648583	0.016032532587053561	13.65	12.075801111935068	6.5732858040820634
1.9490146701151945	0.4750559973411263	0.056321567834058867	0.0075361753935344142	13.65	12.091488774755728	5.5846642653363148
1.2762026786445424	0.48892668713234994	0.040504327083480611	0.013199277964040152	13.65	12.093189646363848	6.5343555889453064
1.2887556963637503	0.33435275155870975	0.069314961866904903	0.045453211142319289	0.010559336852100032	13.65	12.11309065434347	9.5754822276279317	6.260671009631972
1.6357362760336158	0.33656002674595059	0.044276075558945145	0.010038922605879855	13.65	11.942658296482747	6.0591235214572681
1.9607802226265858	0.5192043953611184	0.088036234765167656	0.013512679152100743	13.65	12.117347977574296	9.9773461392633997
1.5148607516733616	0.46900058653416266	0.11209783418339096	0.019109721247282507	13.65	12.186060324351605	10.678613607800454
1.7853502532753498	0.4905051069443207	0.099133607932309978	0.011659453837529947	13.65	12.361673369298133	10.646699613447026
1.7558603882403661	0.39899268063450777	0.097178194421580349	0.014982659115107532	0.014829259909197144	13.65	12.369262375935733	10.684317270298294	7.3658482801268406
1.6548645112052371	0.4786850081855985	0.045257373570529932	0.012732396203206634	13.65	12.087779476266393	6.5686652236394538
1.4953039146468385	0.34596075735151505	0.044932693264849145	0.01480993064645982	13.65	12.025365185554397	6.1472669361201593
1.4142126160873398	0.36517507562121876	0.058547755108862926	0.015927734813947984	13.65	12.399172646511419	6.4400897462892104
1.6154167540797284	0.41232547009901682	0.063030725285918826	0.011295982202951865	13.65	12.100698793662023	7.2255228000559582
1.416293639369282	0.44782200532302036	0.13921591078534926	0.025852139048708686	13.65	12.500274848305891	9.9256902749113181
1.5154260353161151	0.4519081674076843	0.12015059728112204	0.019895339681055522	13.65	12.381208790959793	10.496771756442907
1.4225491543287681	0.48018207684754777	0.10379227683490662	0.017347805465844086	13.65	12.263221227399185	10.520192277144979
1.840899088978329	0.33507333612173001	0.038378792246901293	0.011998084166638848	13.65	12.31728080637145	7.0181855859577604
1.573486114440166	0.41770901167299002	0.051528560405977995	0.00600252126450165	13.65	11.988629947553184	6.774627869439688
1.9148330802557387	0.46691742001101466	0.09474330675637975	0.018476849931529985	13.65	12.484788904296114	10.294963738054742
1.3987171776730731	0.69330607487032303	0.11522373243801338	0.016087633533127685	13.65	12.477087052071733	9.884986692392685
1.2070406055253511	0.44301850270411591	0.045785729948613747	0.010999716919027175	13.65	12.087907840901181	6.0498792933697931
2.2585437070441361	0.38161770857181054	0.039597062535586765	0.016079331256217591	13.65	12.0277320838949	6.8852329004081634
1.3624479082137466	0.39008444974986561	0.03766087706999454	0.00626865858259222	13.65	12.100071912506094	5.9944415882202726
1.7506777186059621	0.51975162991903789	0.28598256650477516	0.066515988889120914	0.015530785432698471	13.65	12.510453850575509	12.478565521195534	10.422236912423697
1.5347099399395563	0.52066449816952365	0.12359301380574168	0.01909919088191284	13.65	12.492007978100252	10.457736095577106
1.3281146458516428	0.5037292230646343	0.11093427204977606	0.023052381407332876	0.0065800520362479164	13.65	12.44571421408657	10.369808117873667	5.6639070589000289
1.2790102591973813	0.42084067205314729	0.06780862854151895	0.011956271219164184	13.65	12.105909723798575	7.1302310866415199
1.3233940106200277	0.42267909152542144	0.042075668641657807	0.0087832995000355994	13.65	11.911820040017993	5.9827707557747907
1.6245684515775245	0.38604305284391111	0.046959433014125675	0.018886398760516648	13.65	11.895125225932695	5.8406437540879841
1.6115736221211188	0.31187050259579774	0.033751900258124044	0.0027168625529162137	13.65	11.91242353047231	5.5484637962039765
1.9011892383176996	0.47465757875726328	0.079651953447832061	0.019699516692229774	13.65	12.479401446987579	10.666955444097205
1.2654838629702414	0.36089556350371665	0.045096517489065693	0.0073563742140275072	13.65	11.946466928424627	6.1658493144121103
1.3567430369973583	0.32489233275760793	0.039191270252923557	0.008633308096864389	13.65	12.044314168085059	6.5168107182060311
1.5328962647400863	0.35616993325813157	0.04716522508471873	0.0087834248989341612	13.65	12.0178612472482	6.1638915089701101
1.5513006205794562	0.42287251764617467	0.21902197534859902	0.010814097560825308	13.65	12.53512558870775	10.704074366329744
1.2245620274501106	0.44974786862994626	0.09330201893225705	0.021176730660971258	13.65	12.276460454757759	9.7320573013067229
1.3947753880470084	0.38486478593863493	0.080684489071729718	0.018412739134699731	13.65	12.128410359171657	10.608547752121115
1.5461666439036332	0.50714919007301085	0.041439020940692836	0.0064150758423200159	13.65	12.107403917946122	5.9096863063386476
1.9966165159509031	0.461604452318223	0.042592146893620557	0.009451650646523653	13.65	12.101009060668279	5.6738171658459864
1.0033177047996207	0.59873804083202187	0.044930616082421132	0.0067704049173082188	13.65	12.334223750098953	5.5856192466404577
1.2669195006490768	0.4854292516783219	0.1367147051069707	0.012409255901360987	13.65	12.50237266360301	10.349599947611889
1.6584480422245915	0.37518746455892804	0.11350466234694165	0.014734913798091784	13.65	11.919394491003462	10.674936157750048
1.0573085080828755	0.42708891943264099	0.064684953029536627	0.011863005910237617	13.65	12.081232974621662	10.372358698550608
1.7162890918358433	0.40715051131632274	0.077798626390002582	0.011215592061953168	13.65	12.091753496529625	10.635668351378865
1.4987109621242491	0.4606474023972269	0.072221515159661021	0.019441848678258027	13.65	12.485074580593363	9.9003704049199968
1.7925964662596119	0.51869177003443057	0.13366428485893836	0.023127709333882553	13.65	12.421474201341804	10.479879589878523
1.6678922705098429	0.33317320802859146	0.076689172753683685	0.014389429394991817	13.65	12.095743073351462	10.347727052160243
1.2193418507254901	0.38348881565964699	0.10714981444369255	0.016791720359713443	13.65	11.997000586900306	10.220547025635936
1.6109987292646752	0.58301403481294567	0.14600409343931101	0.017997787787134314	13.65	12.473360396486987	10.628989442686114
1.5288621854026914	0.54161860710191989	0.10689266070896458	0.016464807896750502	13.65	12.459767115579236	10.117664823108855
1.4722402496555056	0.43503801237893336	0.075617963004031633	0.021464992013809529	13.65	12.078520865507878	10.434576098567089
1.3057133662218925	0.42780458689634687	0.092013499560579401	0.020106275648438181	13.65	12.029800802105308	10.700984798170051
1.5812274275177456	0.42328682194649109	0.10157054017591616	0.021772776517436788	13.65	12.46255758014315	10.302804193861327
1.6261955409223927	0.5144372162823051	0.13300887013224075	0.15347474209422984	0.02721204740917248	13.65	12.124653540293691	10.639531740690739	10.472913156194389
1.4871488030377926	0.364926119531926	0.075296295975449914	0.016215387184490112	13.65	12.045999055564524	10.298768592927271
1.5919281923120616	0.40579793494542005	0.078220185271341836	0.012431709381024529	13.65	12.048671899582148	10.354799102144355
1.4173881028357591	0.54010579428951133	0.12805105396501476	0.024014064589389251	13.65	12.498444948257097	9.8609316796099495
1.6860573418619065	0.45422132894491796	0.10891034588454293	0.021311614439745129	13.65	12.346737029519938	10.577349371799531
1.842148027617504	0.39938045398980354	0.090764305236570392	0.018613096709767758	13.65	12.086313001863031	9.9146610550527097
1.4293445744327864	0.3538033396277514	0.036813157013437618	0.0026598354512769951	13.65	12.080495666503031	5.1302019835189681
1.3772091588957072	0.45319106745221266	0.044935214808557784	0.0033159470319565161	13.65	12.103126759852852	5.3140061598866772
1.3479341018915654	0.45278120416081147	0.047174478488866738	0.02032467999770355	0.016976824124655617	13.65	12.101141826563536	5.822230302417764	5.7181590833090077
1.3128141476701976	0.3986188623516812	0.042849698437463855	0.012724511126093572	13.65	12.346649523589271	6.1988057315149572
1.504462926616017	0.3615366191334119	0.040111170045620217	0.0078086786383764111	13.65	12.101024239115544	5.482892714940915
1.658985516495592	0.46456069063035466	0.04586101124006086	0.0093127667157818159	13.65	12.107982316874269	5.943887061586671
1.4211792959502885	0.32283482694668886	0.04306220032862338	0.0055913595702971226	13.65	11.893937675431843	6.1646177692967052
1.7008973202296278	0.48945124809752827	0.088096788652573074	0.035137776523019179	0.003720485235871201	13.65	12.174499388500346	10.131688335092637	5.5414957260404822
1.6736704919612457	0.51049543307792189	0.039861772607109283	0.0070502125516405025	13.65	12.096303771322987	5.5232513772550149
1.457844692504342	0.42665935603528871	0.12308475993955965	0.018320843060596892	13.65	12.425323801815967	10.626136561388821
1.8110044451785827	0.49621365708357251	0.084438246771372058	0.022965346555218775	13.65	12.364523432573739	9.7110932390625777
1.7785930405333921	0.48248982093004528	0.12220300859681793	0.015455727613167157	13.65	12.477014499793032	10.62077466303151
1.6112966255832637	0.43666101910036959	0.11759451448361703	0.019882884584965191	13.65	12.376215489193383	10.386007445713183
1.7036843119931937	0.47920006499751866	0.061013081593595815	0.0092723398786665329	13.65	12.100167677026564	6.2042830063255927
1.9645278392340213	0.34368523540211177	0.054263158423158542	0.0093952990083901976	13.65	12.118001905353745	6.4816238381119415
1.6334306916949328	0.37310589362415292	0.039476109587719764	0.010323932927539373	13.65	12.081734498667034	6.6018004010683757
1.6060680196906514	0.52804063697411663	0.098459770001857017	0.02368984290384913	0.0089572670434106497	13.65	12.342355070891214	10.681205263434711	5.8619929617684665
1.5122371750469092	0.28221483343808651	0.051705146857163667	0.016854107043656294	13.65	12.107658909610842	6.8934754942646261
1.4771442863711526	0.34065486796954364	0.066665285191247439	0.012300385083329559	13.65	12.360156730098891	9.8407262027619335
1.5184833116324334	0.40533375886851108	0.14093643739261563	0.01126916673951707	13.65	12.521366449216069	10.715291063316259
1.7304761058776117	0.40132902048378921	0.05688712356250767	0.0086731565494148136	13.65	11.955216169277914	5.6900352125412503
1.7185094299042563	0.37564899528573814	0.064378414577889578	0.037613906588349781	0.0052551268875432617	13.65	11.89041308645286	9.307445632950671	7.0136418445634661
1.5033452215635468	0.33648853868030293	0.056805736224022498	0.0057051414807664331	13.65	12.047510822382518	5.5233651832133202
