0.042105132632099418	0.092751998434271649	0.012553664065452559	13.65	12.258859032983629
0.049422512487105559	0.073834462676898596	0.017090903034830726	13.65	12.313206043849323
0.015221167018245685	0.078147102901606549	0.013286459548966281	13.65	12.041066947930364
0.020657805029527247	0.065672274840448033	0.013793710991346938	0.074856029442863126	13.65	11.826493367631999	0.066912499825550142
0.021453238632439291	0.10384583682335606	0.0110040298327294	0.46016470805194837	13.65	11.87451752074395	0.05959271653475437
0.014688844956948265	0.060484475263885118	0.008356042089386298	0.3489808320215334	13.65	11.002309356838321	0.053774038301391575
0.089814464123732354	0.068339637674617829	0.012642471245912168	0.30381121259105742	13.65	11.852942570410315	0.071360693966941557
0.041007410772429663	0.06235145924109102	0.013221161982350831	0.21246569592261516	13.65	11.96447611151415	0.095736417369046478
0.017340892367968902	0.057815956926473087	0.010707276201954474	0.26136229528032173	13.65	12.303964609072196	0.061304395277099188
0.027763386500673701	0.098834121679262504	0.015646010448841334	0.16860907373152043	13.65	11.981404153821918	0.12676638254158024
0.043449797781924392	0.098521292268805016	0.017121688661416098	0.10668613737250092	13.65	12.098428955151952	0.2278430737253776
0.049697926546358816	0.10382264116509853	0.012710268740577343	0.53349345820646954	13.65	11.904974452610245	0.054050181008482578
0.021500805394559706	0.066262456444108775	0.01407452968807787	0.1058364731206469	13.65	11.91083062725925	0.1359579033329138
0.068307895401418475	0.092235550059748067	0.01617341057157309	13.65	12.076874215135131
0.028130219031179075	0.051950090695045255	0.017831711573399422	13.65	12.26230421185671
0.014749325632118317	0.057808115515663915	0.01278819769917342	13.65	10.864171951780632
0.016885573539470691	0.070851030601876391	0.014081772393843806	13.65	12.200597957383934
0.027022451940398706	0.11712118985819593	0.012891023727624098	13.65	11.922155336326389
0.0042294579264288883	0.11013943251619589	0.019065093324132996	13.65	11.861240481525074
0.010035853125980227	0.097576747046367332	0.014151449216258284	13.65	12.090308255445596
0.026116883819385771	0.067124025281128416	0.0224112377243872	13.65	11.290794196920496
0.090352683927373084	0.046267659214352462	0.016572411039307618	13.65	10.691266583991283
0.0044849229653000089	0.094736754567674164	0.010058824353281608	13.65	12.29673638450749
0.031053482787006738	0.037000713566442127	0.012937954184829594	13.65	11.620591802941915
0.054078772498385649	0.099396167252225082	0.012609331905601824	13.65	12.063375044711501
0.12560024539500639	0.066207382753894622	0.011341986657782369	13.65	11.775539349020566
0.02583808785685611	0.053731043088617016	0.014452462761540559	13.65	11.253153118486107
0.11516644208443888	0.092885482349476287	0.01106271872287961	13.65	11.974587537937481
0.07797872117500089	0.076943281356564544	0.011223556779608687	13.65	11.910271412722834
0.0083610659606690937	0.078045776190594343	0.017363166314900383	13.65	12.054796500298874
0.009888653082348136	0.064982838628536141	0.019530133270033775	13.65	11.076225082781891
0.059258583885347903	0.095492311529109281	0.015412957654523123	13.65	12.035093162608701
0.0083079498988497986	0.066574165951240757	0.013624312679155469	13.65	11.222527945322643
0.051941143540554562	0.092719618471399284	0.014621370509875482	13.65	11.938819384755201
0.063591078887284283	0.077380117252160249	0.015855211153256839	0.23893074352143739	13.65	12.066509599106302	0.062315020666570908
0.1184856742504736	0.051769809984365249	0.013993814154062612	0.33529227871719414	13.65	11.698656325874456	0.049312789084356767
0.043474303236045182	0.04909043135554126	0.016454923828986584	0.41225407449840995	13.65	11.545460037249583	0.057296494857413505
0.022293757785586978	0.076748770574359498	0.013136229224426293	0.18347659713358372	13.65	12.269635828651243	0.023856633418021467
0.029564767350863264	0.088933243132367543	0.010077604060552388	13.65	11.887849720917442
0.016291077823440345	0.019058923607286532	13.65
0.00071431922814839811	0.037838290805184333	0.015387959954282309	13.65	12.219699699648377
0.00038339956807376417	0.06132742632282346	0.018464865201999296	13.65	11.840991523909404
0.0012215594763646143	0.062803625484408057	0.014795289176500579	13.65	11.395531741284993
0.0047256228290568133	0.055675661362841029	0.017613371563086799	13.65	11.311501905840787
0.003788723370788383	0.075252825306361917	0.023099199005043227	13.65	10.929475312978306
0.0049227071980512743	0.064295296530401808	0.016292369799262851	13.65	11.350588886897764
0.037530184302626279	0.074464817726827753	0.012215282281565527	13.65	11.763843929675254
0.042302778220697793	0.06503776070244198	0.018627051584829118	13.65	10.819001933601172
0.071581990166677642	0.10199223407625727	0.015029815721976206	13.65	11.784488290388831
0.022943409046458817	0.10866316520972349	0.010829688103341263	13.65	11.822511220801962
0.02868018870553329	0.0839562936851702	0.011493178179023069	13.65	11.627330506239465
0.024864913022783122	0.022217515094218897	13.65
0.018059233120538906	0.066592026460231088	0.011276356298828689	13.65	11.323464341734669
0.047275755852894244	0.024705341933115108	13.65
0.04062694174938087	0.10938866955000949	0.014226916315546713	13.65	11.992898522181296
0.027589949212135222	0.084062298295711005	0.013410771928073524	13.65	12.069348572218759
0.080952752282795692	0.070714368645017747	0.013185243397302818	13.65	10.996460861916784
0.024454418832362351	0.10121897758547968	0.016756402149324567	13.65	11.848880653823493
0.009290278960165611	0.084707714795518252	0.014545111771134924	13.65	11.669745959545006
0.042793605959005741	0.071698653180206975	0.017356597741434391	13.65	11.056233227517893
0.0033485832004582464	0.088402637458961653	0.01108628869635557	13.65	12.005087504940262
0.031586697481453652	0.019652742229565208	13.65
0.011068023797725394	0.068918667739515244	0.014437228818872534	13.65	12.0820568217807
0.031019494597642229	0.064242896733507734	0.015242543189014192	13.65	11.726762405837878
0.06965305626954453	0.06283050207487885	0.012309736104606948	13.65	10.697930987090883
0.052979380383679629	0.081668014977415229	0.014180620718661765	13.65	12.095051651781015
0.020162784333153112	0.11468042608327339	0.013082219245353908	13.65	11.660205265080901
0.057055848249581216	0.1328334274534573	0.01417595353911817	13.65	11.967960190038411
0.02529056272710235	0.061325963490528844	0.01705082640863621	13.65	11.769741987270706
0.052444365063437984	0.065985907314803374	0.020305712783954707	13.65	11.960190410228572
0.084100433022581592	0.10670807414212916	0.011960877116510796	13.65	12.097488888732199
0.046484439123546162	0.098836640360561806	0.014558317748800427	13.65	11.788791390923841
0.042013835324269076	0.019210855362848753	13.65
0.0058380376211251616	0.092520185454231962	0.016573592980603534	13.65	11.846566660567598
0.013664954356942649	0.070946672462612881	0.016205818687601483	13.65	11.042276200163069
0.065685418938566623	0.067490439926069262	0.010876728278359209	13.65	10.964766679031181
0.053546226325235251	0.092926166914894942	0.0096861188343905398	13.65	11.420066185420291
0.033273468413244495	0.020501970566592163	13.65
0.023633408907123447	0.12146782401915263	0.01484693723320693	13.65	11.956969043673682
0.036956381896886589	0.073866017096536285	0.015175825492518417	13.65	11.203246477168758
0.02127610645484326	0.084569444420051695	0.013300312068308553	13.65	11.857797585871898
0.016726357461641025	0.099307302852049362	0.010736208022025566	13.65	11.889163006276995
0.010973216651165947	0.055660921406190875	0.011707468715846945	13.65	11.094218768930681
0.028950753764676002	0.064351474407819478	0.013912604635245015	13.65	11.716126333326594
0.078777894165980786	0.086587332591652563	0.015069788060187545	13.65	11.959662568954343
0.038345165944090723	0.075040406541268534	0.0098442909697489967	13.65	11.871192171077993
0.046390906435861801	0.095013679181560576	0.013434715932683292	13.65	11.956743702258708
0.04356483622642892	0.077199671076875628	0.017053823464528096	13.65	12.084311057447346
0.074781730618087627	0.093790064378887358	0.014337132722098933	13.65	12.073576631592243
0.081549737941598047	0.068506746682801267	0.013441753160384892	13.65	12.252941949373946
0.0049990506418674495	0.061063937801894182	0.012339224659815047	13.65	11.818740031590472
0.04105959716008091	0.02359969130771964	13.65
0.067321831662646048	0.087806572651588685	0.01864251017278196	13.65	12.261817216056665
0.13820497051262393	0.096828139321756074	0.0095235747224421234	13.65	11.99070440374998
0.037562576668333403	0.098403527886924969	0.015514891379744496	13.65	11.891510981120513
0.057045630909114395	0.11609051028576464	0.014834031454011572	13.65	11.927778612875551
0.078471088811258138	0.060551389438763981	0.015430314054330553	13.65	10.918975003129104
0.012300456613852003	0.055311551115550382	0.016904019679363218	13.65	11.836379631820243
0.029057000177334813	0.12460887663093694	0.011102732952097417	13.65	12.253246406899908
0.010097646218176734	0.066732531124627348	0.010289648901068068	13.65	11.882283518483804
0.0073736669845736623	0.062332797844738684	0.0078380965099190889	13.65	12.063056986937244
0.025302077261800841	0.038033875896517175	0.013472343491524763	13.65	11.709125792853317
0.013730027643782382	0.037483737414528664	0.016595266323786721	13.65	11.972306915555377
0.12046713518263689	0.017136059061148026	13.65
0.023991514813385247	0.075118419764106992	0.0081248612286949212	13.65	12.25800919994389
0.0099468429187446958	0.079037381019754063	0.015986384290286502	13.65	11.694656244855841
0.011188094583281025	0.018295339595511214	13.65
0.086827940597244427	0.021769874564622278	13.65
0.083819943464875882	0.022308997773316179	13.65
0.059007994186855317	0.054105911530908525	0.016755811882483231	13.65	11.935639750661714
0.016725507673242438	0.10532584609448276	0.011583573221163351	13.65	12.069477566850585
0.011419879652094895	0.096646462600001884	0.015187309966496143	13.65	12.277222737373123
0.0516684190822514	0.075421007155169598	0.008024411864072635	13.65	11.390505757741192
0.10135509705208873	0.10552022519248243	0.015975161074518972	13.65	12.215826513192722
0.0072768020255103783	0.1163428932865808	0.013123830261090616	13.65	11.917400942632653
0.01919310484065417	0.085110993793017509	0.015502988149869373	13.65	11.867555920854604
0.028554176085158322	0.069129732590937285	0.013244072785442948	13.65	11.850349461238993
0.014617344871160129	0.079941970152113059	0.012375963668567891	13.65	12.290070341562339
0.044797453153998586	0.063477955669684005	0.015987934911074225	13.65	11.163351273068127
0.05205877930918168	0.074896265419695171	0.018157173597561894	13.65	12.251805659577428
0.052669709911041161	0.069168605666574054	0.013882059619776911	13.65	11.790772636196429
0.036473217043843369	0.11439241059174077	0.011154223307098476	13.65	11.945231704111544
0.037712500390258009	0.15245070878048098	0.015017330429837005	13.65	12.317428068009182
0.0049626269626142005	0.05901700460042926	0.019713025464103865	13.65	10.986432935770438
0.092928700181455506	0.082652878676759883	0.011923027249228167	13.65	10.09282097892196
0.020591594343244892	0.073381379570221728	0.011756494343479675	13.65	12.07643995356263
0.017715877534524506	0.05330002360254233	0.014547778991713814	13.65	11.966137664442579
0.0095120493618924429	0.074527932523463139	0.0130016697201177	13.65	11.919024434787548
0.013294861588524619	0.033810788317155525	0.015072738650791888	13.65	11.736141653820756
0.0041588967750414456	0.072230066940383628	0.016135915182892833	13.65	11.944898314301831
0.01266901275477697	0.055307077027297612	0.018760645452603267	13.65	11.753070055299071
0.085516674331561654	0.10957043859148444	0.010443912416059997	13.65	11.736717916913994
0.026910752184922802	0.074965862386342952	0.014054272364180938	13.65	12.122332121076074
0.022680183799694557	0.046125394060215999	0.0089139822214981245	13.65	11.571431218771949
0.021052270765751838	0.059028059668086677	0.016042576705218751	13.65	11.944308123034087
0.054583566415961592	0.047193757490563086	0.010942761816669663	13.65	11.596089564496946
0.030670308965264719	0.032315597670533838	0.01452446587458874	13.65	9.8787306842703853
0.0079843852222330758	0.077805677526544867	0.015970525185861565	13.65	12.282556752866885
0.017578210195077194	0.08508706558359104	0.016201925371396846	13.65	12.269518343268286
0.073764443462245491	0.10741327287093375	0.01893303176432341	13.65	12.11183129409962
0.050991956624268892	0.13221644745020344	0.017725015489207074	13.65	11.863034262246787
0.020482986335673914	0.095418632133416698	0.015321018521457813	13.65	11.885272624662626
0.044519293659168437	0.050514103357949515	0.01069069893362691	13.65	11.149194705329545
0.039559202677347277	0.071645850396880928	0.011836082045392268	13.65	11.972477670909802
0.0017302732019323468	0.079173879431319191	0.011808192781120911	13.65	12.006910549984598
0.0080845165361599965	0.062811591379310056	0.014726200651979209	13.65	12.08773129508176
0.005247883519640284	0.032628312395902713	0.014344053569826005	13.65	11.847194415869614
0.038662310707402218	0.060240736659365982	0.019121743336089181	13.65	11.099579825598097
0.1211882172613329	0.066490848475465186	0.011104137343761464	13.65	11.044574699296493
0.023196856693693185	0.10448084404352714	0.019412501708325518	13.65	12.276008010799561
0.016527398506988766	0.083658533864137144	0.016000809682124504	13.65	11.949977985893673
0.024131876817646308	0.069727948582824231	0.33771144618569865	0.010735670231557618	13.65	12.354485013775594	12.311178293908668
0.011507867327282557	0.086153299859930157	0.012928274504765568	13.65	11.936088555070562
0.027812244117000416	0.1025155374145111	0.013814932817024405	13.65	12.286620167657649
0.005749309706695579	0.1082380686321656	0.011644042141239012	13.65	11.816760419441813
0.018121616849668645	0.036546342822617116	0.017521977024405055	13.65	11.241056602270824
0.044338169792726125	0.019222086240236025	13.65
0.1188334676003535	0.085025581807802009	0.016209756440710158	13.65	11.948954916749251
0.0057729422349324863	0.12674340715420951	0.015192331391059596	13.65	12.110013779483426
0.0085964667121538885	0.14708367799584771	0.015862323916029892	13.65	12.1690292381403
0.015923464433928954	0.055687587954559373	0.014249787291059395	13.65	11.954803634667186
0.004587616027205926	0.09130282303022344	0.01520445735445001	0.040460787011525348	13.65	12.293854985804927	0.34352552525132152
0.0084152410987497882	0.11583525810610606	0.02571691916474304	13.65	11.94307832193509
0.023709488980281992	0.074790988302960909	0.02108935120044747	13.65	11.801892923990859
0.077284936103415636	0.13673758083991855	0.012186457427220963	13.65	11.956217200252684
0.082499243095802408	0.082053078970225082	0.015831167242572195	13.65	12.048104533657247
0.0084803379260917147	0.098945018993589748	0.0086080333751864697	13.65	11.018469672084114
0.031893668738990931	0.076497979928582774	0.0088021825579218359	13.65	11.903256908026254
0.018456500245966383	0.045926390623486961	0.019241054939426891	13.65	10.539729397994821
0.017235325866032162	0.078719825012108474	0.012814847575101445	13.65	11.690188478703513
0.0082868486009937629	0.022508001882020564	13.65
0.026434956845828549	0.063975394692079565	0.011296282518698606	13.65	11.867305251882923
0.048657841910900182	0.095930386677842025	0.015022609056114791	13.65	11.850659624124269
0.015482962885935545	0.057723692768597755	0.019043896417990796	13.65	12.19582983857485
0.015498291559445732	0.088235407154329468	0.01686471134631504	13.65	11.888012879985585
0.024106023607644744	0.078152531918273815	0.0093903882353625501	13.65	11.894175071761865
0.034982133533262079	0.078518043154210168	0.01163588236725609	13.65	11.930325782969797
0.045893578396832835	0.088162849532079007	0.0096565143692071472	13.65	11.98883291327488
0.025393113551281873	0.064620160778560545	0.012961670360540403	13.65	11.89984874947927
0.040136234123846586	0.10470772875923126	0.016239271458790224	13.65	12.074375717362491
0.037790313526355583	0.068790024324594343	0.015469787901914958	13.65	12.112323634751368
